#
# There is insufficient memory for the Java Runtime Environment to continue.
# Native memory allocation (malloc) failed to allocate 1867216 bytes for Chunk::new
# Possible reasons:
#   The system is out of physical RAM or swap space
#   The process is running with CompressedOops enabled, and the Java Heap may be blocking the growth of the native heap
# Possible solutions:
#   Reduce memory load on the system
#   Increase physical memory or swap space
#   Check if swap backing store is full
#   Decrease Java heap size (-Xmx/-Xms)
#   Decrease number of Java threads
#   Decrease Java thread stack sizes (-Xss)
#   Set larger code cache with -XX:ReservedCodeCacheSize=
#   JVM is running with Unscaled Compressed Oops mode in which the Java heap is
#     placed in the first 4GB address space. The Java Heap base address is the
#     maximum limit for the native heap growth. Please use -XX:HeapBaseMinAddress
#     to set the Java Heap base and to place the Java Heap above 4GB virtual address.
# This output file may be truncated or incomplete.
#
#  Out of Memory Error (./src/hotspot/share/memory/arena.cpp:197), pid=14600, tid=5648
#
# JRE version: OpenJDK Runtime Environment (11.0.12+7) (build 11.0.12+7-b1504.28-7817840)
# Java VM: OpenJDK 64-Bit Server VM (11.0.12+7-b1504.28-7817840, mixed mode, tiered, compressed oops, g1 gc, windows-amd64)
# No core dump will be written. Minidumps are not enabled by default on client versions of Windows
#

---------------  S U M M A R Y ------------

Command Line: --add-opens=java.base/java.util=ALL-UNNAMED --add-opens=java.base/java.lang=ALL-UNNAMED --add-opens=java.base/java.lang.invoke=ALL-UNNAMED --add-opens=java.base/java.util=ALL-UNNAMED --add-opens=java.prefs/java.util.prefs=ALL-UNNAMED --add-opens=java.prefs/java.util.prefs=ALL-UNNAMED --add-opens=java.base/java.nio.charset=ALL-UNNAMED --add-opens=java.base/java.net=ALL-UNNAMED --add-opens=java.base/java.util.concurrent.atomic=ALL-UNNAMED -Xmx2048m -Dfile.encoding=UTF-8 -Duser.country=MD -Duser.language=ro -Duser.variant org.gradle.launcher.daemon.bootstrap.GradleDaemon 7.0.2

Host: AMD Ryzen 3 4300U with Radeon Graphics         , 4 cores, 7G,  Windows 10 , 64 bit Build 19041 (10.0.19041.2251)
Time: Thu Nov 24 21:21:21 2022 GTB, orã standard elapsed time: 37.743983 seconds (0d 0h 0m 37s)

---------------  T H R E A D  ---------------

Current thread (0x0000015943b65000):  JavaThread "C2 CompilerThread0" daemon [_thread_in_native, id=5648, stack(0x000000159c900000,0x000000159ca00000)]


Current CompileTask:
C2:  37744 17043 %     4       com.android.tools.r8.ir.regalloc.a::a @ 1405 (3985 bytes)

Stack: [0x000000159c900000,0x000000159ca00000]
Native frames: (J=compiled Java code, j=interpreted, Vv=VM code, C=native code)
V  [jvm.dll+0x5fbcea]
V  [jvm.dll+0x731905]
V  [jvm.dll+0x732f1d]
V  [jvm.dll+0x7335d3]
V  [jvm.dll+0x247bf8]
V  [jvm.dll+0xc018c]
V  [jvm.dll+0xc06cc]
V  [jvm.dll+0x35b31d]
V  [jvm.dll+0x19d0bc]
V  [jvm.dll+0x20070e]
V  [jvm.dll+0x1ff794]
V  [jvm.dll+0x18868c]
V  [jvm.dll+0x20e0d7]
V  [jvm.dll+0x20c901]
V  [jvm.dll+0x6f9b7f]
V  [jvm.dll+0x6f26a5]
V  [jvm.dll+0x5fabf6]
C  [ucrtbase.dll+0x21bb2]
C  [KERNEL32.DLL+0x174b4]
C  [ntdll.dll+0x526a1]


---------------  P R O C E S S  ---------------

Threads class SMR info:
_java_thread_list=0x000001594ed804d0, length=54, elements={
0x000001592801b000, 0x0000015943b3d800, 0x0000015943b41000, 0x0000015943b5d800,
0x0000015943b60000, 0x0000015943b61000, 0x0000015943b65000, 0x0000015943b70800,
0x0000015944536800, 0x0000015944654800, 0x00000159472dd000, 0x00000159472dc000,
0x00000159472da800, 0x00000159472db000, 0x00000159472dd800, 0x00000159472de800,
0x00000159472d9000, 0x00000159472df800, 0x00000159472d9800, 0x00000159478ea800,
0x00000159478ec800, 0x00000159478ed800, 0x00000159478ee800, 0x00000159478e9800,
0x00000159478ec000, 0x00000159478e8800, 0x00000159478f1000, 0x00000159478ef000,
0x00000159478eb000, 0x00000159478f4000, 0x00000159478f1800, 0x00000159478f5800,
0x00000159478f3000, 0x00000159478f6800, 0x00000159478f2800, 0x00000159478f7800,
0x0000015949a26800, 0x0000015949a23000, 0x0000015949a25800, 0x0000015949a27000,
0x0000015949a28000, 0x0000015949a24800, 0x0000015949a22800, 0x0000015949a2d000,
0x0000015949a29800, 0x0000015949a29000, 0x0000015949a2d800, 0x0000015949a2f800,
0x0000015949a2e800, 0x0000015949a30000, 0x0000015949a2a800, 0x0000015949a31000,
0x0000015949a2b800, 0x0000015952ac9000
}

Java Threads: ( => current thread )
  0x000001592801b000 JavaThread "main" [_thread_blocked, id=504, stack(0x000000159bd00000,0x000000159be00000)]
  0x0000015943b3d800 JavaThread "Reference Handler" daemon [_thread_blocked, id=10160, stack(0x000000159c400000,0x000000159c500000)]
  0x0000015943b41000 JavaThread "Finalizer" daemon [_thread_blocked, id=5964, stack(0x000000159c500000,0x000000159c600000)]
  0x0000015943b5d800 JavaThread "Signal Dispatcher" daemon [_thread_blocked, id=7960, stack(0x000000159c600000,0x000000159c700000)]
  0x0000015943b60000 JavaThread "Attach Listener" daemon [_thread_blocked, id=13420, stack(0x000000159c700000,0x000000159c800000)]
  0x0000015943b61000 JavaThread "Service Thread" daemon [_thread_blocked, id=3132, stack(0x000000159c800000,0x000000159c900000)]
=>0x0000015943b65000 JavaThread "C2 CompilerThread0" daemon [_thread_in_native, id=5648, stack(0x000000159c900000,0x000000159ca00000)]
  0x0000015943b70800 JavaThread "C1 CompilerThread0" daemon [_thread_blocked, id=9800, stack(0x000000159ca00000,0x000000159cb00000)]
  0x0000015944536800 JavaThread "Sweeper thread" daemon [_thread_blocked, id=1624, stack(0x000000159cb00000,0x000000159cc00000)]
  0x0000015944654800 JavaThread "Common-Cleaner" daemon [_thread_blocked, id=3660, stack(0x000000159cc00000,0x000000159cd00000)]
  0x00000159472dd000 JavaThread "Daemon health stats" [_thread_blocked, id=7568, stack(0x000000159d000000,0x000000159d100000)]
  0x00000159472dc000 JavaThread "Incoming local TCP Connector on port 56561" [_thread_in_native, id=8808, stack(0x000000159ce00000,0x000000159cf00000)]
  0x00000159472da800 JavaThread "Daemon" [_thread_blocked, id=12624, stack(0x000000159d100000,0x000000159d200000)]
  0x00000159472db000 JavaThread "Handler for socket connection from /127.0.0.1:56561 to /127.0.0.1:56562" [_thread_in_native, id=7476, stack(0x000000159d200000,0x000000159d300000)]
  0x00000159472dd800 JavaThread "Daemon periodic checks" [_thread_blocked, id=13896, stack(0x000000159d300000,0x000000159d400000)]
  0x00000159472de800 JavaThread "Cancel handler" [_thread_blocked, id=11064, stack(0x000000159d400000,0x000000159d500000)]
  0x00000159472d9000 JavaThread "Daemon worker" [_thread_blocked, id=10076, stack(0x000000159d500000,0x000000159d600000)]
  0x00000159472df800 JavaThread "Asynchronous log dispatcher for DefaultDaemonConnection: socket connection from /127.0.0.1:56561 to /127.0.0.1:56562" [_thread_blocked, id=14212, stack(0x000000159d600000,0x000000159d700000)]
  0x00000159472d9800 JavaThread "Stdin handler" [_thread_blocked, id=1836, stack(0x000000159d700000,0x000000159d800000)]
  0x00000159478ea800 JavaThread "Daemon client event forwarder" [_thread_blocked, id=6380, stack(0x000000159d800000,0x000000159d900000)]
  0x00000159478ec800 JavaThread "Cache worker for file hash cache (C:\Users\Nata\.gradle\caches\7.0.2\fileHashes)" [_thread_blocked, id=12964, stack(0x000000159db00000,0x000000159dc00000)]
  0x00000159478ed800 JavaThread "File lock request listener" [_thread_in_native, id=8120, stack(0x000000159dc00000,0x000000159dd00000)]
  0x00000159478ee800 JavaThread "Cache worker for journal cache (C:\Users\Nata\.gradle\caches\journal-1)" [_thread_blocked, id=5688, stack(0x000000159dd00000,0x000000159de00000)]
  0x00000159478e9800 JavaThread "Cache worker for file hash cache (C:\Users\Nata\Desktop\PAM\.gradle\7.0.2\fileHashes)" [_thread_blocked, id=11144, stack(0x000000159de00000,0x000000159df00000)]
  0x00000159478ec000 JavaThread "File watcher server" daemon [_thread_in_native, id=9932, stack(0x000000159df00000,0x000000159e000000)]
  0x00000159478e8800 JavaThread "File watcher consumer" daemon [_thread_in_vm, id=6620, stack(0x000000159e000000,0x000000159e100000)]
  0x00000159478f1000 JavaThread "Cache worker for checksums cache (C:\Users\Nata\Desktop\PAM\.gradle\checksums)" [_thread_blocked, id=3164, stack(0x000000159e100000,0x000000159e200000)]
  0x00000159478ef000 JavaThread "Cache worker for cache directory md-supplier (C:\Users\Nata\.gradle\caches\7.0.2\md-supplier)" [_thread_blocked, id=14732, stack(0x000000159e200000,0x000000159e300000)]
  0x00000159478eb000 JavaThread "Cache worker for cache directory md-rule (C:\Users\Nata\.gradle\caches\7.0.2\md-rule)" [_thread_blocked, id=3444, stack(0x000000159e400000,0x000000159e500000)]
  0x00000159478f4000 JavaThread "Cache worker for execution history cache (C:\Users\Nata\.gradle\caches\7.0.2\executionHistory)" [_thread_blocked, id=6296, stack(0x000000159e500000,0x000000159e600000)]
  0x00000159478f1800 JavaThread "jar transforms" [_thread_blocked, id=12524, stack(0x000000159e600000,0x000000159e700000)]
  0x00000159478f5800 JavaThread "jar transforms Thread 2" [_thread_blocked, id=10652, stack(0x000000159e700000,0x000000159e800000)]
  0x00000159478f3000 JavaThread "Cache worker for file content cache (C:\Users\Nata\.gradle\caches\7.0.2\fileContent)" [_thread_blocked, id=11728, stack(0x000000159e800000,0x000000159e900000)]
  0x00000159478f6800 JavaThread "Cache worker for dependencies-accessors (C:\Users\Nata\Desktop\PAM\.gradle\7.0.2\dependencies-accessors)" [_thread_blocked, id=12572, stack(0x000000159e900000,0x000000159ea00000)]
  0x00000159478f2800 JavaThread "jar transforms Thread 3" [_thread_blocked, id=10476, stack(0x000000159ea00000,0x000000159eb00000)]
  0x00000159478f7800 JavaThread "Cache worker for Build Output Cleanup Cache (C:\Users\Nata\Desktop\PAM\.gradle\buildOutputCleanup)" [_thread_blocked, id=13184, stack(0x000000159eb00000,0x000000159ec00000)]
  0x0000015949a26800 JavaThread "Build operations" [_thread_blocked, id=8488, stack(0x000000159ec00000,0x000000159ed00000)]
  0x0000015949a23000 JavaThread "Build operations Thread 2" [_thread_blocked, id=11068, stack(0x000000159ed00000,0x000000159ee00000)]
  0x0000015949a25800 JavaThread "Build operations Thread 3" [_thread_blocked, id=8084, stack(0x000000159ee00000,0x000000159ef00000)]
  0x0000015949a27000 JavaThread "Build operations Thread 4" [_thread_in_Java, id=1788, stack(0x000000159ef00000,0x000000159f000000)]
  0x0000015949a28000 JavaThread "jar transforms Thread 4" [_thread_blocked, id=13076, stack(0x000000159f000000,0x000000159f100000)]
  0x0000015949a24800 JavaThread "Memory manager" [_thread_blocked, id=7360, stack(0x000000159f100000,0x000000159f200000)]
  0x0000015949a22800 JavaThread "build event listener" [_thread_blocked, id=14860, stack(0x000000159f200000,0x000000159f300000)]
  0x0000015949a2d000 JavaThread "Execution worker for ':'" [_thread_blocked, id=8736, stack(0x000000159f300000,0x000000159f400000)]
  0x0000015949a29800 JavaThread "Execution worker for ':' Thread 2" [_thread_blocked, id=9432, stack(0x000000159f400000,0x000000159f500000)]
  0x0000015949a29000 JavaThread "Execution worker for ':' Thread 3" [_thread_blocked, id=14788, stack(0x000000159f500000,0x000000159f600000)]
  0x0000015949a2d800 JavaThread "Cache worker for execution history cache (C:\Users\Nata\Desktop\PAM\.gradle\7.0.2\executionHistory)" [_thread_blocked, id=5280, stack(0x000000159f600000,0x000000159f700000)]
  0x0000015949a2f800 JavaThread "pool-2-thread-1" [_thread_blocked, id=9648, stack(0x000000159e300000,0x000000159e400000)]
  0x0000015949a2e800 JavaThread "stderr" [_thread_in_native, id=15096, stack(0x000000159f700000,0x000000159f800000)]
  0x0000015949a30000 JavaThread "stdout" [_thread_in_native, id=2112, stack(0x000000159f800000,0x000000159f900000)]
  0x0000015949a2a800 JavaThread "stderr" [_thread_in_native, id=8788, stack(0x000000159f900000,0x000000159fa00000)]
  0x0000015949a31000 JavaThread "stdout" [_thread_in_native, id=10336, stack(0x000000159fa00000,0x000000159fb00000)]
  0x0000015949a2b800 JavaThread "WorkerExecutor Queue" [_thread_blocked, id=2080, stack(0x000000159fb00000,0x000000159fc00000)]
  0x0000015952ac9000 JavaThread "C2 CompilerThread1" daemon [_thread_in_native, id=11572, stack(0x000000159fe00000,0x000000159ff00000)]

Other Threads:
  0x0000015943b38800 VMThread "VM Thread" [stack: 0x000000159c300000,0x000000159c400000] [id=8188]
  0x0000015944659800 WatcherThread [stack: 0x000000159cd00000,0x000000159ce00000] [id=11160]
  0x0000015928033800 GCTaskThread "GC Thread#0" [stack: 0x000000159be00000,0x000000159bf00000] [id=9312]
  0x0000015944cbc800 GCTaskThread "GC Thread#1" [stack: 0x000000159cf00000,0x000000159d000000] [id=4440]
  0x00000159472d8000 GCTaskThread "GC Thread#2" [stack: 0x000000159d900000,0x000000159da00000] [id=6760]
  0x0000015945aed800 GCTaskThread "GC Thread#3" [stack: 0x000000159da00000,0x000000159db00000] [id=13492]
  0x0000015928065000 ConcurrentGCThread "G1 Main Marker" [stack: 0x000000159bf00000,0x000000159c000000] [id=6680]
  0x0000015928066800 ConcurrentGCThread "G1 Conc#0" [stack: 0x000000159c000000,0x000000159c100000] [id=4780]
  0x00000159280e2800 ConcurrentGCThread "G1 Refine#0" [stack: 0x000000159c100000,0x000000159c200000] [id=528]
  0x00000159280e3800 ConcurrentGCThread "G1 Young RemSet Sampling" [stack: 0x000000159c200000,0x000000159c300000] [id=7184]

Threads with active compile tasks:
C2 CompilerThread0  37778 17043 %     4       com.android.tools.r8.ir.regalloc.a::a @ 1405 (3985 bytes)
C2 CompilerThread1  37778 17135       4       com.android.tools.r8.internal.E7::p (1053 bytes)

VM state:not at safepoint (normal execution)

VM Mutex/Monitor currently owned by a thread: None

Heap address: 0x0000000080000000, size: 2048 MB, Compressed Oops mode: 32-bit
Narrow klass base: 0x0000000000000000, Narrow klass shift: 3
Compressed class space size: 1073741824 Address: 0x0000000100000000

Heap:
 garbage-first heap   total 405504K, used 180929K [0x0000000080000000, 0x0000000100000000)
  region size 1024K, 83 young (84992K), 13 survivors (13312K)
 Metaspace       used 102288K, capacity 104977K, committed 105292K, reserved 1140736K
  class space    used 12990K, capacity 14030K, committed 14156K, reserved 1048576K
Heap Regions: E=young(eden), S=young(survivor), O=old, HS=humongous(starts), HC=humongous(continues), CS=collection set, F=free, A=archive, TAMS=top-at-mark-start (previous, next)
|   0|0x0000000080000000, 0x0000000080100000, 0x0000000080100000|100%| O|  |TAMS 0x0000000080100000, 0x0000000080000000| Untracked 
|   1|0x0000000080100000, 0x0000000080200000, 0x0000000080200000|100%| O|  |TAMS 0x0000000080200000, 0x0000000080100000| Untracked 
|   2|0x0000000080200000, 0x0000000080300000, 0x0000000080300000|100%| O|  |TAMS 0x0000000080300000, 0x0000000080200000| Untracked 
|   3|0x0000000080300000, 0x0000000080400000, 0x0000000080400000|100%|HS|  |TAMS 0x0000000080400000, 0x0000000080300000| Complete 
|   4|0x0000000080400000, 0x0000000080500000, 0x0000000080500000|100%|HC|  |TAMS 0x0000000080500000, 0x0000000080400000| Complete 
|   5|0x0000000080500000, 0x0000000080600000, 0x0000000080600000|100%|HC|  |TAMS 0x0000000080600000, 0x0000000080500000| Complete 
|   6|0x0000000080600000, 0x0000000080700000, 0x0000000080700000|100%| O|  |TAMS 0x0000000080700000, 0x0000000080600000| Untracked 
|   7|0x0000000080700000, 0x0000000080800000, 0x0000000080800000|100%| O|  |TAMS 0x0000000080800000, 0x0000000080700000| Untracked 
|   8|0x0000000080800000, 0x0000000080900000, 0x0000000080900000|100%| O|  |TAMS 0x0000000080900000, 0x0000000080800000| Untracked 
|   9|0x0000000080900000, 0x0000000080a00000, 0x0000000080a00000|100%| O|  |TAMS 0x0000000080a00000, 0x0000000080900000| Untracked 
|  10|0x0000000080a00000, 0x0000000080b00000, 0x0000000080b00000|100%| O|  |TAMS 0x0000000080b00000, 0x0000000080a00000| Untracked 
|  11|0x0000000080b00000, 0x0000000080c00000, 0x0000000080c00000|100%| O|  |TAMS 0x0000000080c00000, 0x0000000080b00000| Untracked 
|  12|0x0000000080c00000, 0x0000000080d00000, 0x0000000080d00000|100%| O|  |TAMS 0x0000000080d00000, 0x0000000080c00000| Untracked 
|  13|0x0000000080d00000, 0x0000000080e00000, 0x0000000080e00000|100%| O|  |TAMS 0x0000000080e00000, 0x0000000080d00000| Untracked 
|  14|0x0000000080e00000, 0x0000000080f00000, 0x0000000080f00000|100%| O|  |TAMS 0x0000000080f00000, 0x0000000080e00000| Untracked 
|  15|0x0000000080f00000, 0x0000000081000000, 0x0000000081000000|100%| O|  |TAMS 0x0000000081000000, 0x0000000080f00000| Untracked 
|  16|0x0000000081000000, 0x0000000081100000, 0x0000000081100000|100%|HS|  |TAMS 0x0000000081100000, 0x0000000081000000| Complete 
|  17|0x0000000081100000, 0x0000000081200000, 0x0000000081200000|100%| O|  |TAMS 0x0000000081200000, 0x0000000081100000| Untracked 
|  18|0x0000000081200000, 0x0000000081300000, 0x0000000081300000|100%| O|  |TAMS 0x0000000081300000, 0x0000000081200000| Untracked 
|  19|0x0000000081300000, 0x0000000081400000, 0x0000000081400000|100%| O|  |TAMS 0x0000000081400000, 0x0000000081300000| Untracked 
|  20|0x0000000081400000, 0x0000000081500000, 0x0000000081500000|100%| O|  |TAMS 0x0000000081500000, 0x0000000081400000| Untracked 
|  21|0x0000000081500000, 0x0000000081600000, 0x0000000081600000|100%| O|  |TAMS 0x0000000081600000, 0x0000000081500000| Untracked 
|  22|0x0000000081600000, 0x0000000081700000, 0x0000000081700000|100%| O|  |TAMS 0x0000000081700000, 0x0000000081600000| Untracked 
|  23|0x0000000081700000, 0x0000000081800000, 0x0000000081800000|100%| O|  |TAMS 0x0000000081800000, 0x0000000081700000| Untracked 
|  24|0x0000000081800000, 0x0000000081900000, 0x0000000081900000|100%| O|  |TAMS 0x0000000081900000, 0x0000000081800000| Untracked 
|  25|0x0000000081900000, 0x0000000081a00000, 0x0000000081a00000|100%| O|  |TAMS 0x0000000081a00000, 0x0000000081900000| Untracked 
|  26|0x0000000081a00000, 0x0000000081b00000, 0x0000000081b00000|100%| O|  |TAMS 0x0000000081b00000, 0x0000000081a00000| Untracked 
|  27|0x0000000081b00000, 0x0000000081c00000, 0x0000000081c00000|100%| O|  |TAMS 0x0000000081c00000, 0x0000000081b00000| Untracked 
|  28|0x0000000081c00000, 0x0000000081d00000, 0x0000000081d00000|100%|HS|  |TAMS 0x0000000081d00000, 0x0000000081c00000| Complete 
|  29|0x0000000081d00000, 0x0000000081e00000, 0x0000000081e00000|100%|HS|  |TAMS 0x0000000081e00000, 0x0000000081d00000| Complete 
|  30|0x0000000081e00000, 0x0000000081f00000, 0x0000000081f00000|100%|HC|  |TAMS 0x0000000081f00000, 0x0000000081e00000| Complete 
|  31|0x0000000081f00000, 0x0000000082000000, 0x0000000082000000|100%| O|  |TAMS 0x0000000082000000, 0x0000000081f00000| Untracked 
|  32|0x0000000082000000, 0x0000000082100000, 0x0000000082100000|100%| O|  |TAMS 0x0000000082100000, 0x0000000082000000| Untracked 
|  33|0x0000000082100000, 0x0000000082200000, 0x0000000082200000|100%| O|  |TAMS 0x0000000082200000, 0x0000000082100000| Untracked 
|  34|0x0000000082200000, 0x0000000082300000, 0x0000000082300000|100%| O|  |TAMS 0x0000000082300000, 0x0000000082200000| Untracked 
|  35|0x0000000082300000, 0x0000000082400000, 0x0000000082400000|100%| O|  |TAMS 0x0000000082400000, 0x0000000082300000| Untracked 
|  36|0x0000000082400000, 0x0000000082500000, 0x0000000082500000|100%| O|  |TAMS 0x0000000082500000, 0x0000000082400000| Untracked 
|  37|0x0000000082500000, 0x0000000082600000, 0x0000000082600000|100%| O|  |TAMS 0x0000000082600000, 0x0000000082500000| Untracked 
|  38|0x0000000082600000, 0x0000000082700000, 0x0000000082700000|100%| O|  |TAMS 0x0000000082700000, 0x0000000082600000| Untracked 
|  39|0x0000000082700000, 0x0000000082800000, 0x0000000082800000|100%| O|  |TAMS 0x0000000082800000, 0x0000000082700000| Untracked 
|  40|0x0000000082800000, 0x0000000082900000, 0x0000000082900000|100%| O|  |TAMS 0x0000000082900000, 0x0000000082800000| Untracked 
|  41|0x0000000082900000, 0x0000000082a00000, 0x0000000082a00000|100%| O|  |TAMS 0x0000000082a00000, 0x0000000082900000| Untracked 
|  42|0x0000000082a00000, 0x0000000082b00000, 0x0000000082b00000|100%| O|  |TAMS 0x0000000082b00000, 0x0000000082a00000| Untracked 
|  43|0x0000000082b00000, 0x0000000082c00000, 0x0000000082c00000|100%| O|  |TAMS 0x0000000082c00000, 0x0000000082b00000| Untracked 
|  44|0x0000000082c00000, 0x0000000082d00000, 0x0000000082d00000|100%| O|  |TAMS 0x0000000082d00000, 0x0000000082c00000| Untracked 
|  45|0x0000000082d00000, 0x0000000082e00000, 0x0000000082e00000|100%| O|  |TAMS 0x0000000082e00000, 0x0000000082d00000| Untracked 
|  46|0x0000000082e00000, 0x0000000082f00000, 0x0000000082f00000|100%| O|  |TAMS 0x0000000082f00000, 0x0000000082e00000| Untracked 
|  47|0x0000000082f00000, 0x0000000083000000, 0x0000000083000000|100%| O|  |TAMS 0x0000000083000000, 0x0000000082f00000| Untracked 
|  48|0x0000000083000000, 0x0000000083100000, 0x0000000083100000|100%| O|  |TAMS 0x0000000083100000, 0x0000000083000000| Untracked 
|  49|0x0000000083100000, 0x0000000083200000, 0x0000000083200000|100%| O|  |TAMS 0x0000000083200000, 0x0000000083100000| Untracked 
|  50|0x0000000083200000, 0x0000000083300000, 0x0000000083300000|100%| O|  |TAMS 0x0000000083300000, 0x0000000083200000| Untracked 
|  51|0x0000000083300000, 0x0000000083400000, 0x0000000083400000|100%| O|  |TAMS 0x0000000083400000, 0x0000000083300000| Untracked 
|  52|0x0000000083400000, 0x0000000083500000, 0x0000000083500000|100%| O|  |TAMS 0x0000000083500000, 0x0000000083400000| Untracked 
|  53|0x0000000083500000, 0x0000000083600000, 0x0000000083600000|100%| O|  |TAMS 0x0000000083600000, 0x0000000083500000| Untracked 
|  54|0x0000000083600000, 0x0000000083700000, 0x0000000083700000|100%| O|  |TAMS 0x0000000083700000, 0x0000000083600000| Untracked 
|  55|0x0000000083700000, 0x0000000083800000, 0x0000000083800000|100%| O|  |TAMS 0x0000000083800000, 0x0000000083700000| Untracked 
|  56|0x0000000083800000, 0x0000000083900000, 0x0000000083900000|100%| O|  |TAMS 0x0000000083900000, 0x0000000083800000| Untracked 
|  57|0x0000000083900000, 0x0000000083a00000, 0x0000000083a00000|100%| O|  |TAMS 0x0000000083a00000, 0x0000000083900000| Untracked 
|  58|0x0000000083a00000, 0x0000000083b00000, 0x0000000083b00000|100%| O|  |TAMS 0x0000000083b00000, 0x0000000083a00000| Untracked 
|  59|0x0000000083b00000, 0x0000000083c00000, 0x0000000083c00000|100%| O|  |TAMS 0x0000000083c00000, 0x0000000083b00000| Untracked 
|  60|0x0000000083c00000, 0x0000000083d00000, 0x0000000083d00000|100%| O|  |TAMS 0x0000000083d00000, 0x0000000083c00000| Untracked 
|  61|0x0000000083d00000, 0x0000000083e00000, 0x0000000083e00000|100%| O|  |TAMS 0x0000000083e00000, 0x0000000083d00000| Untracked 
|  62|0x0000000083e00000, 0x0000000083f00000, 0x0000000083f00000|100%| O|  |TAMS 0x0000000083f00000, 0x0000000083e00000| Untracked 
|  63|0x0000000083f00000, 0x0000000084000000, 0x0000000084000000|100%| O|  |TAMS 0x0000000084000000, 0x0000000083f00000| Untracked 
|  64|0x0000000084000000, 0x0000000084100000, 0x0000000084100000|100%| O|  |TAMS 0x0000000084100000, 0x0000000084000000| Untracked 
|  65|0x0000000084100000, 0x0000000084200000, 0x0000000084200000|100%| O|  |TAMS 0x0000000084200000, 0x0000000084100000| Untracked 
|  66|0x0000000084200000, 0x0000000084300000, 0x0000000084300000|100%| O|  |TAMS 0x0000000084300000, 0x0000000084200000| Untracked 
|  67|0x0000000084300000, 0x0000000084400000, 0x0000000084400000|100%| O|  |TAMS 0x0000000084400000, 0x0000000084300000| Untracked 
|  68|0x0000000084400000, 0x0000000084500000, 0x0000000084500000|100%| O|  |TAMS 0x0000000084500000, 0x0000000084400000| Untracked 
|  69|0x0000000084500000, 0x0000000084600000, 0x0000000084600000|100%| O|  |TAMS 0x0000000084600000, 0x0000000084500000| Untracked 
|  70|0x0000000084600000, 0x0000000084700000, 0x0000000084700000|100%| O|  |TAMS 0x0000000084700000, 0x0000000084600000| Untracked 
|  71|0x0000000084700000, 0x0000000084800000, 0x0000000084800000|100%| O|  |TAMS 0x0000000084800000, 0x0000000084700000| Untracked 
|  72|0x0000000084800000, 0x0000000084900000, 0x0000000084900000|100%| O|  |TAMS 0x0000000084900000, 0x0000000084800000| Untracked 
|  73|0x0000000084900000, 0x0000000084a00000, 0x0000000084a00000|100%| O|  |TAMS 0x0000000084a00000, 0x0000000084900000| Untracked 
|  74|0x0000000084a00000, 0x0000000084b00000, 0x0000000084b00000|100%| O|  |TAMS 0x0000000084b00000, 0x0000000084a00000| Untracked 
|  75|0x0000000084b00000, 0x0000000084c00000, 0x0000000084c00000|100%| O|  |TAMS 0x0000000084c00000, 0x0000000084b00000| Untracked 
|  76|0x0000000084c00000, 0x0000000084d00000, 0x0000000084d00000|100%| O|  |TAMS 0x0000000084d00000, 0x0000000084c00000| Untracked 
|  77|0x0000000084d00000, 0x0000000084e00000, 0x0000000084e00000|100%| O|  |TAMS 0x0000000084e00000, 0x0000000084d00000| Untracked 
|  78|0x0000000084e00000, 0x0000000084f00000, 0x0000000084f00000|100%| O|  |TAMS 0x0000000084f00000, 0x0000000084e00000| Untracked 
|  79|0x0000000084f00000, 0x0000000085000000, 0x0000000085000000|100%| O|  |TAMS 0x0000000085000000, 0x0000000084f00000| Untracked 
|  80|0x0000000085000000, 0x0000000085100000, 0x0000000085100000|100%| O|  |TAMS 0x0000000085100000, 0x0000000085000000| Untracked 
|  81|0x0000000085100000, 0x0000000085200000, 0x0000000085200000|100%| O|  |TAMS 0x0000000085200000, 0x0000000085100000| Untracked 
|  82|0x0000000085200000, 0x0000000085300000, 0x0000000085300000|100%| O|  |TAMS 0x0000000085300000, 0x0000000085200000| Untracked 
|  83|0x0000000085300000, 0x0000000085400000, 0x0000000085400000|100%| O|  |TAMS 0x0000000085400000, 0x0000000085300000| Untracked 
|  84|0x0000000085400000, 0x0000000085500000, 0x0000000085500000|100%| O|  |TAMS 0x000000008544ce00, 0x0000000085400000| Untracked 
|  85|0x0000000085500000, 0x0000000085600000, 0x0000000085600000|100%| O|  |TAMS 0x0000000085500000, 0x0000000085500000| Untracked 
|  86|0x0000000085600000, 0x0000000085700000, 0x0000000085700000|100%| O|  |TAMS 0x0000000085600000, 0x0000000085600000| Untracked 
|  87|0x0000000085700000, 0x0000000085800000, 0x0000000085800000|100%| O|  |TAMS 0x0000000085700000, 0x0000000085700000| Untracked 
|  88|0x0000000085800000, 0x0000000085900000, 0x0000000085900000|100%| O|  |TAMS 0x0000000085800000, 0x0000000085800000| Untracked 
|  89|0x0000000085900000, 0x0000000085a00000, 0x0000000085a00000|100%| O|  |TAMS 0x0000000085900000, 0x0000000085900000| Untracked 
|  90|0x0000000085a00000, 0x0000000085b00000, 0x0000000085b00000|100%| O|  |TAMS 0x0000000085a00000, 0x0000000085a00000| Untracked 
|  91|0x0000000085b00000, 0x0000000085c00000, 0x0000000085c00000|100%| O|  |TAMS 0x0000000085b00000, 0x0000000085b00000| Untracked 
|  92|0x0000000085c00000, 0x0000000085d00000, 0x0000000085d00000|100%| O|  |TAMS 0x0000000085c00000, 0x0000000085c00000| Untracked 
|  93|0x0000000085d00000, 0x0000000085dc7a00, 0x0000000085e00000| 77%| O|  |TAMS 0x0000000085d00000, 0x0000000085d00000| Untracked 
|  94|0x0000000085e00000, 0x0000000085f00000, 0x0000000085f00000|100%| O|  |TAMS 0x0000000085e00000, 0x0000000085e00000| Untracked 
|  95|0x0000000085f00000, 0x0000000085f00000, 0x0000000086000000|  0%| F|  |TAMS 0x0000000085f00000, 0x0000000085f00000| Untracked 
|  96|0x0000000086000000, 0x0000000086000000, 0x0000000086100000|  0%| F|  |TAMS 0x0000000086000000, 0x0000000086000000| Untracked 
|  97|0x0000000086100000, 0x0000000086100000, 0x0000000086200000|  0%| F|  |TAMS 0x0000000086100000, 0x0000000086100000| Untracked 
|  98|0x0000000086200000, 0x0000000086200000, 0x0000000086300000|  0%| F|  |TAMS 0x0000000086200000, 0x0000000086200000| Untracked 
|  99|0x0000000086300000, 0x0000000086300000, 0x0000000086400000|  0%| F|  |TAMS 0x0000000086300000, 0x0000000086300000| Untracked 
| 100|0x0000000086400000, 0x0000000086400000, 0x0000000086500000|  0%| F|  |TAMS 0x0000000086400000, 0x0000000086400000| Untracked 
| 101|0x0000000086500000, 0x0000000086500000, 0x0000000086600000|  0%| F|  |TAMS 0x0000000086500000, 0x0000000086500000| Untracked 
| 102|0x0000000086600000, 0x0000000086600000, 0x0000000086700000|  0%| F|  |TAMS 0x0000000086600000, 0x0000000086600000| Untracked 
| 103|0x0000000086700000, 0x0000000086700000, 0x0000000086800000|  0%| F|  |TAMS 0x0000000086700000, 0x0000000086700000| Untracked 
| 104|0x0000000086800000, 0x0000000086800000, 0x0000000086900000|  0%| F|  |TAMS 0x0000000086800000, 0x0000000086800000| Untracked 
| 105|0x0000000086900000, 0x0000000086900000, 0x0000000086a00000|  0%| F|  |TAMS 0x0000000086900000, 0x0000000086900000| Untracked 
| 106|0x0000000086a00000, 0x0000000086a00000, 0x0000000086b00000|  0%| F|  |TAMS 0x0000000086a00000, 0x0000000086a00000| Untracked 
| 107|0x0000000086b00000, 0x0000000086b00000, 0x0000000086c00000|  0%| F|  |TAMS 0x0000000086b00000, 0x0000000086b00000| Untracked 
| 108|0x0000000086c00000, 0x0000000086c00000, 0x0000000086d00000|  0%| F|  |TAMS 0x0000000086c00000, 0x0000000086c00000| Untracked 
| 109|0x0000000086d00000, 0x0000000086d00000, 0x0000000086e00000|  0%| F|  |TAMS 0x0000000086d00000, 0x0000000086d00000| Untracked 
| 110|0x0000000086e00000, 0x0000000086e00000, 0x0000000086f00000|  0%| F|  |TAMS 0x0000000086e00000, 0x0000000086e00000| Untracked 
| 111|0x0000000086f00000, 0x0000000086f00000, 0x0000000087000000|  0%| F|  |TAMS 0x0000000086f00000, 0x0000000086f00000| Untracked 
| 112|0x0000000087000000, 0x0000000087000000, 0x0000000087100000|  0%| F|  |TAMS 0x0000000087000000, 0x0000000087000000| Untracked 
| 113|0x0000000087100000, 0x0000000087100000, 0x0000000087200000|  0%| F|  |TAMS 0x0000000087100000, 0x0000000087100000| Untracked 
| 114|0x0000000087200000, 0x0000000087200000, 0x0000000087300000|  0%| F|  |TAMS 0x0000000087200000, 0x0000000087200000| Untracked 
| 115|0x0000000087300000, 0x0000000087300000, 0x0000000087400000|  0%| F|  |TAMS 0x0000000087300000, 0x0000000087300000| Untracked 
| 116|0x0000000087400000, 0x0000000087400000, 0x0000000087500000|  0%| F|  |TAMS 0x0000000087400000, 0x0000000087400000| Untracked 
| 117|0x0000000087500000, 0x0000000087500000, 0x0000000087600000|  0%| F|  |TAMS 0x0000000087500000, 0x0000000087500000| Untracked 
| 118|0x0000000087600000, 0x0000000087600000, 0x0000000087700000|  0%| F|  |TAMS 0x0000000087600000, 0x0000000087600000| Untracked 
| 119|0x0000000087700000, 0x0000000087700000, 0x0000000087800000|  0%| F|  |TAMS 0x0000000087700000, 0x0000000087700000| Untracked 
| 120|0x0000000087800000, 0x0000000087800000, 0x0000000087900000|  0%| F|  |TAMS 0x0000000087800000, 0x0000000087800000| Untracked 
| 121|0x0000000087900000, 0x0000000087900000, 0x0000000087a00000|  0%| F|  |TAMS 0x0000000087900000, 0x0000000087900000| Untracked 
| 122|0x0000000087a00000, 0x0000000087a00000, 0x0000000087b00000|  0%| F|  |TAMS 0x0000000087a00000, 0x0000000087a00000| Untracked 
| 123|0x0000000087b00000, 0x0000000087b00000, 0x0000000087c00000|  0%| F|  |TAMS 0x0000000087b00000, 0x0000000087b00000| Untracked 
| 124|0x0000000087c00000, 0x0000000087c00000, 0x0000000087d00000|  0%| F|  |TAMS 0x0000000087c00000, 0x0000000087c00000| Untracked 
| 125|0x0000000087d00000, 0x0000000087d00000, 0x0000000087e00000|  0%| F|  |TAMS 0x0000000087d00000, 0x0000000087d00000| Untracked 
| 126|0x0000000087e00000, 0x0000000087e00000, 0x0000000087f00000|  0%| F|  |TAMS 0x0000000087e00000, 0x0000000087e00000| Untracked 
| 127|0x0000000087f00000, 0x0000000087f00000, 0x0000000088000000|  0%| F|  |TAMS 0x0000000087f00000, 0x0000000087f00000| Untracked 
| 128|0x0000000088000000, 0x0000000088000000, 0x0000000088100000|  0%| F|  |TAMS 0x0000000088000000, 0x0000000088000000| Untracked 
| 129|0x0000000088100000, 0x0000000088100000, 0x0000000088200000|  0%| F|  |TAMS 0x0000000088100000, 0x0000000088100000| Untracked 
| 130|0x0000000088200000, 0x0000000088200000, 0x0000000088300000|  0%| F|  |TAMS 0x0000000088200000, 0x0000000088200000| Untracked 
| 131|0x0000000088300000, 0x0000000088300000, 0x0000000088400000|  0%| F|  |TAMS 0x0000000088300000, 0x0000000088300000| Untracked 
| 132|0x0000000088400000, 0x0000000088400000, 0x0000000088500000|  0%| F|  |TAMS 0x0000000088400000, 0x0000000088400000| Untracked 
| 133|0x0000000088500000, 0x0000000088500000, 0x0000000088600000|  0%| F|  |TAMS 0x0000000088500000, 0x0000000088500000| Untracked 
| 134|0x0000000088600000, 0x0000000088600000, 0x0000000088700000|  0%| F|  |TAMS 0x0000000088600000, 0x0000000088600000| Untracked 
| 135|0x0000000088700000, 0x0000000088700000, 0x0000000088800000|  0%| F|  |TAMS 0x0000000088700000, 0x0000000088700000| Untracked 
| 136|0x0000000088800000, 0x0000000088800000, 0x0000000088900000|  0%| F|  |TAMS 0x0000000088800000, 0x0000000088800000| Untracked 
| 137|0x0000000088900000, 0x0000000088900000, 0x0000000088a00000|  0%| F|  |TAMS 0x0000000088900000, 0x0000000088900000| Untracked 
| 138|0x0000000088a00000, 0x0000000088a00000, 0x0000000088b00000|  0%| F|  |TAMS 0x0000000088a00000, 0x0000000088a00000| Untracked 
| 139|0x0000000088b00000, 0x0000000088b00000, 0x0000000088c00000|  0%| F|  |TAMS 0x0000000088b00000, 0x0000000088b00000| Untracked 
| 140|0x0000000088c00000, 0x0000000088c00000, 0x0000000088d00000|  0%| F|  |TAMS 0x0000000088c00000, 0x0000000088c00000| Untracked 
| 141|0x0000000088d00000, 0x0000000088d00000, 0x0000000088e00000|  0%| F|  |TAMS 0x0000000088d00000, 0x0000000088d00000| Untracked 
| 142|0x0000000088e00000, 0x0000000088e00000, 0x0000000088f00000|  0%| F|  |TAMS 0x0000000088e00000, 0x0000000088e00000| Untracked 
| 143|0x0000000088f00000, 0x0000000088f00000, 0x0000000089000000|  0%| F|  |TAMS 0x0000000088f00000, 0x0000000088f00000| Untracked 
| 144|0x0000000089000000, 0x0000000089000000, 0x0000000089100000|  0%| F|  |TAMS 0x0000000089000000, 0x0000000089000000| Untracked 
| 145|0x0000000089100000, 0x0000000089100000, 0x0000000089200000|  0%| F|  |TAMS 0x0000000089100000, 0x0000000089100000| Untracked 
| 146|0x0000000089200000, 0x00000000892e8da0, 0x0000000089300000| 90%| S|CS|TAMS 0x0000000089200000, 0x0000000089200000| Complete 
| 147|0x0000000089300000, 0x0000000089400000, 0x0000000089400000|100%| S|CS|TAMS 0x0000000089300000, 0x0000000089300000| Complete 
| 148|0x0000000089400000, 0x0000000089500000, 0x0000000089500000|100%| S|CS|TAMS 0x0000000089400000, 0x0000000089400000| Complete 
| 149|0x0000000089500000, 0x0000000089500000, 0x0000000089600000|  0%| F|  |TAMS 0x0000000089500000, 0x0000000089500000| Untracked 
| 150|0x0000000089600000, 0x0000000089600000, 0x0000000089700000|  0%| F|  |TAMS 0x0000000089600000, 0x0000000089600000| Untracked 
| 151|0x0000000089700000, 0x0000000089700000, 0x0000000089800000|  0%| F|  |TAMS 0x0000000089700000, 0x0000000089700000| Untracked 
| 152|0x0000000089800000, 0x0000000089800000, 0x0000000089900000|  0%| F|  |TAMS 0x0000000089800000, 0x0000000089800000| Untracked 
| 153|0x0000000089900000, 0x0000000089900000, 0x0000000089a00000|  0%| F|  |TAMS 0x0000000089900000, 0x0000000089900000| Untracked 
| 154|0x0000000089a00000, 0x0000000089a00000, 0x0000000089b00000|  0%| F|  |TAMS 0x0000000089a00000, 0x0000000089a00000| Untracked 
| 155|0x0000000089b00000, 0x0000000089c00000, 0x0000000089c00000|100%| S|CS|TAMS 0x0000000089b00000, 0x0000000089b00000| Complete 
| 156|0x0000000089c00000, 0x0000000089d00000, 0x0000000089d00000|100%| S|CS|TAMS 0x0000000089c00000, 0x0000000089c00000| Complete 
| 157|0x0000000089d00000, 0x0000000089e00000, 0x0000000089e00000|100%| S|CS|TAMS 0x0000000089d00000, 0x0000000089d00000| Complete 
| 158|0x0000000089e00000, 0x0000000089f00000, 0x0000000089f00000|100%| S|CS|TAMS 0x0000000089e00000, 0x0000000089e00000| Complete 
| 159|0x0000000089f00000, 0x000000008a000000, 0x000000008a000000|100%| S|CS|TAMS 0x0000000089f00000, 0x0000000089f00000| Complete 
| 160|0x000000008a000000, 0x000000008a100000, 0x000000008a100000|100%| S|CS|TAMS 0x000000008a000000, 0x000000008a000000| Complete 
| 161|0x000000008a100000, 0x000000008a200000, 0x000000008a200000|100%| S|CS|TAMS 0x000000008a100000, 0x000000008a100000| Complete 
| 162|0x000000008a200000, 0x000000008a300000, 0x000000008a300000|100%| S|CS|TAMS 0x000000008a200000, 0x000000008a200000| Complete 
| 163|0x000000008a300000, 0x000000008a400000, 0x000000008a400000|100%| S|CS|TAMS 0x000000008a300000, 0x000000008a300000| Complete 
| 164|0x000000008a400000, 0x000000008a500000, 0x000000008a500000|100%| S|CS|TAMS 0x000000008a400000, 0x000000008a400000| Complete 
| 165|0x000000008a500000, 0x000000008a500000, 0x000000008a600000|  0%| F|  |TAMS 0x000000008a500000, 0x000000008a500000| Untracked 
| 166|0x000000008a600000, 0x000000008a600000, 0x000000008a700000|  0%| F|  |TAMS 0x000000008a600000, 0x000000008a600000| Untracked 
| 167|0x000000008a700000, 0x000000008a700000, 0x000000008a800000|  0%| F|  |TAMS 0x000000008a700000, 0x000000008a700000| Untracked 
| 168|0x000000008a800000, 0x000000008a800000, 0x000000008a900000|  0%| F|  |TAMS 0x000000008a800000, 0x000000008a800000| Untracked 
| 169|0x000000008a900000, 0x000000008a900000, 0x000000008aa00000|  0%| F|  |TAMS 0x000000008a900000, 0x000000008a900000| Untracked 
| 170|0x000000008aa00000, 0x000000008aa00000, 0x000000008ab00000|  0%| F|  |TAMS 0x000000008aa00000, 0x000000008aa00000| Untracked 
| 171|0x000000008ab00000, 0x000000008ab00000, 0x000000008ac00000|  0%| F|  |TAMS 0x000000008ab00000, 0x000000008ab00000| Untracked 
| 172|0x000000008ac00000, 0x000000008ac00000, 0x000000008ad00000|  0%| F|  |TAMS 0x000000008ac00000, 0x000000008ac00000| Untracked 
| 173|0x000000008ad00000, 0x000000008ad00000, 0x000000008ae00000|  0%| F|  |TAMS 0x000000008ad00000, 0x000000008ad00000| Untracked 
| 174|0x000000008ae00000, 0x000000008ae00000, 0x000000008af00000|  0%| F|  |TAMS 0x000000008ae00000, 0x000000008ae00000| Untracked 
| 175|0x000000008af00000, 0x000000008af00000, 0x000000008b000000|  0%| F|  |TAMS 0x000000008af00000, 0x000000008af00000| Untracked 
| 176|0x000000008b000000, 0x000000008b000000, 0x000000008b100000|  0%| F|  |TAMS 0x000000008b000000, 0x000000008b000000| Untracked 
| 177|0x000000008b100000, 0x000000008b100000, 0x000000008b200000|  0%| F|  |TAMS 0x000000008b100000, 0x000000008b100000| Untracked 
| 178|0x000000008b200000, 0x000000008b200000, 0x000000008b300000|  0%| F|  |TAMS 0x000000008b200000, 0x000000008b200000| Untracked 
| 179|0x000000008b300000, 0x000000008b300000, 0x000000008b400000|  0%| F|  |TAMS 0x000000008b300000, 0x000000008b300000| Untracked 
| 180|0x000000008b400000, 0x000000008b400000, 0x000000008b500000|  0%| F|  |TAMS 0x000000008b400000, 0x000000008b400000| Untracked 
| 181|0x000000008b500000, 0x000000008b500000, 0x000000008b600000|  0%| F|  |TAMS 0x000000008b500000, 0x000000008b500000| Untracked 
| 182|0x000000008b600000, 0x000000008b600000, 0x000000008b700000|  0%| F|  |TAMS 0x000000008b600000, 0x000000008b600000| Untracked 
| 183|0x000000008b700000, 0x000000008b700000, 0x000000008b800000|  0%| F|  |TAMS 0x000000008b700000, 0x000000008b700000| Untracked 
| 184|0x000000008b800000, 0x000000008b800000, 0x000000008b900000|  0%| F|  |TAMS 0x000000008b800000, 0x000000008b800000| Untracked 
| 185|0x000000008b900000, 0x000000008b900000, 0x000000008ba00000|  0%| F|  |TAMS 0x000000008b900000, 0x000000008b900000| Untracked 
| 186|0x000000008ba00000, 0x000000008ba00000, 0x000000008bb00000|  0%| F|  |TAMS 0x000000008ba00000, 0x000000008ba00000| Untracked 
| 187|0x000000008bb00000, 0x000000008bb00000, 0x000000008bc00000|  0%| F|  |TAMS 0x000000008bb00000, 0x000000008bb00000| Untracked 
| 188|0x000000008bc00000, 0x000000008bc00000, 0x000000008bd00000|  0%| F|  |TAMS 0x000000008bc00000, 0x000000008bc00000| Untracked 
| 189|0x000000008bd00000, 0x000000008bd00000, 0x000000008be00000|  0%| F|  |TAMS 0x000000008bd00000, 0x000000008bd00000| Untracked 
| 190|0x000000008be00000, 0x000000008be00000, 0x000000008bf00000|  0%| F|  |TAMS 0x000000008be00000, 0x000000008be00000| Untracked 
| 191|0x000000008bf00000, 0x000000008bf00000, 0x000000008c000000|  0%| F|  |TAMS 0x000000008bf00000, 0x000000008bf00000| Untracked 
| 192|0x000000008c000000, 0x000000008c000000, 0x000000008c100000|  0%| F|  |TAMS 0x000000008c000000, 0x000000008c000000| Untracked 
| 193|0x000000008c100000, 0x000000008c100000, 0x000000008c200000|  0%| F|  |TAMS 0x000000008c100000, 0x000000008c100000| Untracked 
| 194|0x000000008c200000, 0x000000008c200000, 0x000000008c300000|  0%| F|  |TAMS 0x000000008c200000, 0x000000008c200000| Untracked 
| 195|0x000000008c300000, 0x000000008c300000, 0x000000008c400000|  0%| F|  |TAMS 0x000000008c300000, 0x000000008c300000| Untracked 
| 196|0x000000008c400000, 0x000000008c400000, 0x000000008c500000|  0%| F|  |TAMS 0x000000008c400000, 0x000000008c400000| Untracked 
| 197|0x000000008c500000, 0x000000008c500000, 0x000000008c600000|  0%| F|  |TAMS 0x000000008c500000, 0x000000008c500000| Untracked 
| 198|0x000000008c600000, 0x000000008c600000, 0x000000008c700000|  0%| F|  |TAMS 0x000000008c600000, 0x000000008c600000| Untracked 
| 199|0x000000008c700000, 0x000000008c700000, 0x000000008c800000|  0%| F|  |TAMS 0x000000008c700000, 0x000000008c700000| Untracked 
| 200|0x000000008c800000, 0x000000008c800000, 0x000000008c900000|  0%| F|  |TAMS 0x000000008c800000, 0x000000008c800000| Untracked 
| 201|0x000000008c900000, 0x000000008c900000, 0x000000008ca00000|  0%| F|  |TAMS 0x000000008c900000, 0x000000008c900000| Untracked 
| 202|0x000000008ca00000, 0x000000008ca00000, 0x000000008cb00000|  0%| F|  |TAMS 0x000000008ca00000, 0x000000008ca00000| Untracked 
| 203|0x000000008cb00000, 0x000000008cb00000, 0x000000008cc00000|  0%| F|  |TAMS 0x000000008cb00000, 0x000000008cb00000| Untracked 
| 204|0x000000008cc00000, 0x000000008cc00000, 0x000000008cd00000|  0%| F|  |TAMS 0x000000008cc00000, 0x000000008cc00000| Untracked 
| 205|0x000000008cd00000, 0x000000008cd00000, 0x000000008ce00000|  0%| F|  |TAMS 0x000000008cd00000, 0x000000008cd00000| Untracked 
| 206|0x000000008ce00000, 0x000000008ce00000, 0x000000008cf00000|  0%| F|  |TAMS 0x000000008ce00000, 0x000000008ce00000| Untracked 
| 207|0x000000008cf00000, 0x000000008cf00000, 0x000000008d000000|  0%| F|  |TAMS 0x000000008cf00000, 0x000000008cf00000| Untracked 
| 208|0x000000008d000000, 0x000000008d000000, 0x000000008d100000|  0%| F|  |TAMS 0x000000008d000000, 0x000000008d000000| Untracked 
| 209|0x000000008d100000, 0x000000008d100000, 0x000000008d200000|  0%| F|  |TAMS 0x000000008d100000, 0x000000008d100000| Untracked 
| 210|0x000000008d200000, 0x000000008d200000, 0x000000008d300000|  0%| F|  |TAMS 0x000000008d200000, 0x000000008d200000| Untracked 
| 211|0x000000008d300000, 0x000000008d300000, 0x000000008d400000|  0%| F|  |TAMS 0x000000008d300000, 0x000000008d300000| Untracked 
| 212|0x000000008d400000, 0x000000008d400000, 0x000000008d500000|  0%| F|  |TAMS 0x000000008d400000, 0x000000008d400000| Untracked 
| 213|0x000000008d500000, 0x000000008d500000, 0x000000008d600000|  0%| F|  |TAMS 0x000000008d500000, 0x000000008d500000| Untracked 
| 214|0x000000008d600000, 0x000000008d600000, 0x000000008d700000|  0%| F|  |TAMS 0x000000008d600000, 0x000000008d600000| Untracked 
| 215|0x000000008d700000, 0x000000008d700000, 0x000000008d800000|  0%| F|  |TAMS 0x000000008d700000, 0x000000008d700000| Untracked 
| 216|0x000000008d800000, 0x000000008d800000, 0x000000008d900000|  0%| F|  |TAMS 0x000000008d800000, 0x000000008d800000| Untracked 
| 217|0x000000008d900000, 0x000000008d900000, 0x000000008da00000|  0%| F|  |TAMS 0x000000008d900000, 0x000000008d900000| Untracked 
| 218|0x000000008da00000, 0x000000008da00000, 0x000000008db00000|  0%| F|  |TAMS 0x000000008da00000, 0x000000008da00000| Untracked 
| 219|0x000000008db00000, 0x000000008db00000, 0x000000008dc00000|  0%| F|  |TAMS 0x000000008db00000, 0x000000008db00000| Untracked 
| 220|0x000000008dc00000, 0x000000008dc00000, 0x000000008dd00000|  0%| F|  |TAMS 0x000000008dc00000, 0x000000008dc00000| Untracked 
| 221|0x000000008dd00000, 0x000000008dd00000, 0x000000008de00000|  0%| F|  |TAMS 0x000000008dd00000, 0x000000008dd00000| Untracked 
| 222|0x000000008de00000, 0x000000008de00000, 0x000000008df00000|  0%| F|  |TAMS 0x000000008de00000, 0x000000008de00000| Untracked 
| 223|0x000000008df00000, 0x000000008df00000, 0x000000008e000000|  0%| F|  |TAMS 0x000000008df00000, 0x000000008df00000| Untracked 
| 224|0x000000008e000000, 0x000000008e000000, 0x000000008e100000|  0%| F|  |TAMS 0x000000008e000000, 0x000000008e000000| Untracked 
| 225|0x000000008e100000, 0x000000008e100000, 0x000000008e200000|  0%| F|  |TAMS 0x000000008e100000, 0x000000008e100000| Untracked 
| 226|0x000000008e200000, 0x000000008e200000, 0x000000008e300000|  0%| F|  |TAMS 0x000000008e200000, 0x000000008e200000| Untracked 
| 227|0x000000008e300000, 0x000000008e300000, 0x000000008e400000|  0%| F|  |TAMS 0x000000008e300000, 0x000000008e300000| Untracked 
| 228|0x000000008e400000, 0x000000008e400000, 0x000000008e500000|  0%| F|  |TAMS 0x000000008e400000, 0x000000008e400000| Untracked 
| 229|0x000000008e500000, 0x000000008e500000, 0x000000008e600000|  0%| F|  |TAMS 0x000000008e500000, 0x000000008e500000| Untracked 
| 230|0x000000008e600000, 0x000000008e600000, 0x000000008e700000|  0%| F|  |TAMS 0x000000008e600000, 0x000000008e600000| Untracked 
| 231|0x000000008e700000, 0x000000008e700000, 0x000000008e800000|  0%| F|  |TAMS 0x000000008e700000, 0x000000008e700000| Untracked 
| 232|0x000000008e800000, 0x000000008e800000, 0x000000008e900000|  0%| F|  |TAMS 0x000000008e800000, 0x000000008e800000| Untracked 
| 233|0x000000008e900000, 0x000000008e900000, 0x000000008ea00000|  0%| F|  |TAMS 0x000000008e900000, 0x000000008e900000| Untracked 
| 234|0x000000008ea00000, 0x000000008ea00000, 0x000000008eb00000|  0%| F|  |TAMS 0x000000008ea00000, 0x000000008ea00000| Untracked 
| 235|0x000000008eb00000, 0x000000008eb00000, 0x000000008ec00000|  0%| F|  |TAMS 0x000000008eb00000, 0x000000008eb00000| Untracked 
| 236|0x000000008ec00000, 0x000000008ec00000, 0x000000008ed00000|  0%| F|  |TAMS 0x000000008ec00000, 0x000000008ec00000| Untracked 
| 237|0x000000008ed00000, 0x000000008ed00000, 0x000000008ee00000|  0%| F|  |TAMS 0x000000008ed00000, 0x000000008ed00000| Untracked 
| 238|0x000000008ee00000, 0x000000008ee00000, 0x000000008ef00000|  0%| F|  |TAMS 0x000000008ee00000, 0x000000008ee00000| Untracked 
| 239|0x000000008ef00000, 0x000000008ef00000, 0x000000008f000000|  0%| F|  |TAMS 0x000000008ef00000, 0x000000008ef00000| Untracked 
| 240|0x000000008f000000, 0x000000008f000000, 0x000000008f100000|  0%| F|  |TAMS 0x000000008f000000, 0x000000008f000000| Untracked 
| 241|0x000000008f100000, 0x000000008f100000, 0x000000008f200000|  0%| F|  |TAMS 0x000000008f100000, 0x000000008f100000| Untracked 
| 242|0x000000008f200000, 0x000000008f200000, 0x000000008f300000|  0%| F|  |TAMS 0x000000008f200000, 0x000000008f200000| Untracked 
| 243|0x000000008f300000, 0x000000008f300000, 0x000000008f400000|  0%| F|  |TAMS 0x000000008f300000, 0x000000008f300000| Untracked 
| 244|0x000000008f400000, 0x000000008f400000, 0x000000008f500000|  0%| F|  |TAMS 0x000000008f400000, 0x000000008f400000| Untracked 
| 245|0x000000008f500000, 0x000000008f500000, 0x000000008f600000|  0%| F|  |TAMS 0x000000008f500000, 0x000000008f500000| Untracked 
| 246|0x000000008f600000, 0x000000008f600000, 0x000000008f700000|  0%| F|  |TAMS 0x000000008f600000, 0x000000008f600000| Untracked 
| 247|0x000000008f700000, 0x000000008f700000, 0x000000008f800000|  0%| F|  |TAMS 0x000000008f700000, 0x000000008f700000| Untracked 
| 248|0x000000008f800000, 0x000000008f800000, 0x000000008f900000|  0%| F|  |TAMS 0x000000008f800000, 0x000000008f800000| Untracked 
| 249|0x000000008f900000, 0x000000008f900000, 0x000000008fa00000|  0%| F|  |TAMS 0x000000008f900000, 0x000000008f900000| Untracked 
| 250|0x000000008fa00000, 0x000000008fa00000, 0x000000008fb00000|  0%| F|  |TAMS 0x000000008fa00000, 0x000000008fa00000| Untracked 
| 251|0x000000008fb00000, 0x000000008fb00000, 0x000000008fc00000|  0%| F|  |TAMS 0x000000008fb00000, 0x000000008fb00000| Untracked 
| 252|0x000000008fc00000, 0x000000008fc00000, 0x000000008fd00000|  0%| F|  |TAMS 0x000000008fc00000, 0x000000008fc00000| Untracked 
| 253|0x000000008fd00000, 0x000000008fd00000, 0x000000008fe00000|  0%| F|  |TAMS 0x000000008fd00000, 0x000000008fd00000| Untracked 
| 254|0x000000008fe00000, 0x000000008fe00000, 0x000000008ff00000|  0%| F|  |TAMS 0x000000008fe00000, 0x000000008fe00000| Untracked 
| 255|0x000000008ff00000, 0x000000008ff00000, 0x0000000090000000|  0%| F|  |TAMS 0x000000008ff00000, 0x000000008ff00000| Untracked 
| 256|0x0000000090000000, 0x0000000090000000, 0x0000000090100000|  0%| F|  |TAMS 0x0000000090000000, 0x0000000090000000| Untracked 
| 257|0x0000000090100000, 0x0000000090100000, 0x0000000090200000|  0%| F|  |TAMS 0x0000000090100000, 0x0000000090100000| Untracked 
| 258|0x0000000090200000, 0x0000000090200000, 0x0000000090300000|  0%| F|  |TAMS 0x0000000090200000, 0x0000000090200000| Untracked 
| 259|0x0000000090300000, 0x0000000090300000, 0x0000000090400000|  0%| F|  |TAMS 0x0000000090300000, 0x0000000090300000| Untracked 
| 260|0x0000000090400000, 0x0000000090400000, 0x0000000090500000|  0%| F|  |TAMS 0x0000000090400000, 0x0000000090400000| Untracked 
| 261|0x0000000090500000, 0x0000000090500000, 0x0000000090600000|  0%| F|  |TAMS 0x0000000090500000, 0x0000000090500000| Untracked 
| 262|0x0000000090600000, 0x0000000090600000, 0x0000000090700000|  0%| F|  |TAMS 0x0000000090600000, 0x0000000090600000| Untracked 
| 263|0x0000000090700000, 0x0000000090700000, 0x0000000090800000|  0%| F|  |TAMS 0x0000000090700000, 0x0000000090700000| Untracked 
| 264|0x0000000090800000, 0x0000000090800000, 0x0000000090900000|  0%| F|  |TAMS 0x0000000090800000, 0x0000000090800000| Untracked 
| 265|0x0000000090900000, 0x0000000090900000, 0x0000000090a00000|  0%| F|  |TAMS 0x0000000090900000, 0x0000000090900000| Untracked 
| 266|0x0000000090a00000, 0x0000000090a00000, 0x0000000090b00000|  0%| F|  |TAMS 0x0000000090a00000, 0x0000000090a00000| Untracked 
| 267|0x0000000090b00000, 0x0000000090b00000, 0x0000000090c00000|  0%| F|  |TAMS 0x0000000090b00000, 0x0000000090b00000| Untracked 
| 268|0x0000000090c00000, 0x0000000090c00000, 0x0000000090d00000|  0%| F|  |TAMS 0x0000000090c00000, 0x0000000090c00000| Untracked 
| 269|0x0000000090d00000, 0x0000000090d00000, 0x0000000090e00000|  0%| F|  |TAMS 0x0000000090d00000, 0x0000000090d00000| Untracked 
| 270|0x0000000090e00000, 0x0000000090e00000, 0x0000000090f00000|  0%| F|  |TAMS 0x0000000090e00000, 0x0000000090e00000| Untracked 
| 271|0x0000000090f00000, 0x0000000090f00000, 0x0000000091000000|  0%| F|  |TAMS 0x0000000090f00000, 0x0000000090f00000| Untracked 
| 272|0x0000000091000000, 0x0000000091000000, 0x0000000091100000|  0%| F|  |TAMS 0x0000000091000000, 0x0000000091000000| Untracked 
| 273|0x0000000091100000, 0x0000000091100000, 0x0000000091200000|  0%| F|  |TAMS 0x0000000091100000, 0x0000000091100000| Untracked 
| 274|0x0000000091200000, 0x0000000091200000, 0x0000000091300000|  0%| F|  |TAMS 0x0000000091200000, 0x0000000091200000| Untracked 
| 275|0x0000000091300000, 0x0000000091300000, 0x0000000091400000|  0%| F|  |TAMS 0x0000000091300000, 0x0000000091300000| Untracked 
| 276|0x0000000091400000, 0x0000000091400000, 0x0000000091500000|  0%| F|  |TAMS 0x0000000091400000, 0x0000000091400000| Untracked 
| 277|0x0000000091500000, 0x0000000091500000, 0x0000000091600000|  0%| F|  |TAMS 0x0000000091500000, 0x0000000091500000| Untracked 
| 278|0x0000000091600000, 0x0000000091600000, 0x0000000091700000|  0%| F|  |TAMS 0x0000000091600000, 0x0000000091600000| Untracked 
| 279|0x0000000091700000, 0x0000000091700000, 0x0000000091800000|  0%| F|  |TAMS 0x0000000091700000, 0x0000000091700000| Untracked 
| 280|0x0000000091800000, 0x0000000091800000, 0x0000000091900000|  0%| F|  |TAMS 0x0000000091800000, 0x0000000091800000| Untracked 
| 281|0x0000000091900000, 0x0000000091900000, 0x0000000091a00000|  0%| F|  |TAMS 0x0000000091900000, 0x0000000091900000| Untracked 
| 282|0x0000000091a00000, 0x0000000091a00000, 0x0000000091b00000|  0%| F|  |TAMS 0x0000000091a00000, 0x0000000091a00000| Untracked 
| 283|0x0000000091b00000, 0x0000000091b00000, 0x0000000091c00000|  0%| F|  |TAMS 0x0000000091b00000, 0x0000000091b00000| Untracked 
| 284|0x0000000091c00000, 0x0000000091c00000, 0x0000000091d00000|  0%| F|  |TAMS 0x0000000091c00000, 0x0000000091c00000| Untracked 
| 285|0x0000000091d00000, 0x0000000091d00000, 0x0000000091e00000|  0%| F|  |TAMS 0x0000000091d00000, 0x0000000091d00000| Untracked 
| 286|0x0000000091e00000, 0x0000000091e00000, 0x0000000091f00000|  0%| F|  |TAMS 0x0000000091e00000, 0x0000000091e00000| Untracked 
| 287|0x0000000091f00000, 0x0000000091f00000, 0x0000000092000000|  0%| F|  |TAMS 0x0000000091f00000, 0x0000000091f00000| Untracked 
| 288|0x0000000092000000, 0x0000000092000000, 0x0000000092100000|  0%| F|  |TAMS 0x0000000092000000, 0x0000000092000000| Untracked 
| 289|0x0000000092100000, 0x0000000092100000, 0x0000000092200000|  0%| F|  |TAMS 0x0000000092100000, 0x0000000092100000| Untracked 
| 290|0x0000000092200000, 0x0000000092200000, 0x0000000092300000|  0%| F|  |TAMS 0x0000000092200000, 0x0000000092200000| Untracked 
| 291|0x0000000092300000, 0x0000000092300000, 0x0000000092400000|  0%| F|  |TAMS 0x0000000092300000, 0x0000000092300000| Untracked 
| 292|0x0000000092400000, 0x0000000092400000, 0x0000000092500000|  0%| F|  |TAMS 0x0000000092400000, 0x0000000092400000| Untracked 
| 293|0x0000000092500000, 0x0000000092500000, 0x0000000092600000|  0%| F|  |TAMS 0x0000000092500000, 0x0000000092500000| Untracked 
| 294|0x0000000092600000, 0x0000000092600000, 0x0000000092700000|  0%| F|  |TAMS 0x0000000092600000, 0x0000000092600000| Untracked 
| 295|0x0000000092700000, 0x0000000092700000, 0x0000000092800000|  0%| F|  |TAMS 0x0000000092700000, 0x0000000092700000| Untracked 
| 296|0x0000000092800000, 0x0000000092800000, 0x0000000092900000|  0%| F|  |TAMS 0x0000000092800000, 0x0000000092800000| Untracked 
| 297|0x0000000092900000, 0x0000000092900000, 0x0000000092a00000|  0%| F|  |TAMS 0x0000000092900000, 0x0000000092900000| Untracked 
| 298|0x0000000092a00000, 0x0000000092a00000, 0x0000000092b00000|  0%| F|  |TAMS 0x0000000092a00000, 0x0000000092a00000| Untracked 
| 299|0x0000000092b00000, 0x0000000092b00000, 0x0000000092c00000|  0%| F|  |TAMS 0x0000000092b00000, 0x0000000092b00000| Untracked 
| 300|0x0000000092c00000, 0x0000000092c00000, 0x0000000092d00000|  0%| F|  |TAMS 0x0000000092c00000, 0x0000000092c00000| Untracked 
| 301|0x0000000092d00000, 0x0000000092d00000, 0x0000000092e00000|  0%| F|  |TAMS 0x0000000092d00000, 0x0000000092d00000| Untracked 
| 302|0x0000000092e00000, 0x0000000092e00000, 0x0000000092f00000|  0%| F|  |TAMS 0x0000000092e00000, 0x0000000092e00000| Untracked 
| 303|0x0000000092f00000, 0x0000000092f00000, 0x0000000093000000|  0%| F|  |TAMS 0x0000000092f00000, 0x0000000092f00000| Untracked 
| 304|0x0000000093000000, 0x0000000093000000, 0x0000000093100000|  0%| F|  |TAMS 0x0000000093000000, 0x0000000093000000| Untracked 
| 305|0x0000000093100000, 0x0000000093100000, 0x0000000093200000|  0%| F|  |TAMS 0x0000000093100000, 0x0000000093100000| Untracked 
| 306|0x0000000093200000, 0x0000000093200000, 0x0000000093300000|  0%| F|  |TAMS 0x0000000093200000, 0x0000000093200000| Untracked 
| 307|0x0000000093300000, 0x0000000093300000, 0x0000000093400000|  0%| F|  |TAMS 0x0000000093300000, 0x0000000093300000| Untracked 
| 308|0x0000000093400000, 0x0000000093400000, 0x0000000093500000|  0%| F|  |TAMS 0x0000000093400000, 0x0000000093400000| Untracked 
| 309|0x0000000093500000, 0x0000000093500000, 0x0000000093600000|  0%| F|  |TAMS 0x0000000093500000, 0x0000000093500000| Untracked 
| 310|0x0000000093600000, 0x0000000093600000, 0x0000000093700000|  0%| F|  |TAMS 0x0000000093600000, 0x0000000093600000| Untracked 
| 311|0x0000000093700000, 0x0000000093700000, 0x0000000093800000|  0%| F|  |TAMS 0x0000000093700000, 0x0000000093700000| Untracked 
| 312|0x0000000093800000, 0x0000000093800000, 0x0000000093900000|  0%| F|  |TAMS 0x0000000093800000, 0x0000000093800000| Untracked 
| 313|0x0000000093900000, 0x0000000093900000, 0x0000000093a00000|  0%| F|  |TAMS 0x0000000093900000, 0x0000000093900000| Untracked 
| 314|0x0000000093a00000, 0x0000000093a00000, 0x0000000093b00000|  0%| F|  |TAMS 0x0000000093a00000, 0x0000000093a00000| Untracked 
| 315|0x0000000093b00000, 0x0000000093b00000, 0x0000000093c00000|  0%| F|  |TAMS 0x0000000093b00000, 0x0000000093b00000| Untracked 
| 316|0x0000000093c00000, 0x0000000093c00000, 0x0000000093d00000|  0%| F|  |TAMS 0x0000000093c00000, 0x0000000093c00000| Untracked 
| 317|0x0000000093d00000, 0x0000000093d00000, 0x0000000093e00000|  0%| F|  |TAMS 0x0000000093d00000, 0x0000000093d00000| Untracked 
| 318|0x0000000093e00000, 0x0000000093e00000, 0x0000000093f00000|  0%| F|  |TAMS 0x0000000093e00000, 0x0000000093e00000| Untracked 
| 319|0x0000000093f00000, 0x0000000093f00000, 0x0000000094000000|  0%| F|  |TAMS 0x0000000093f00000, 0x0000000093f00000| Untracked 
| 320|0x0000000094000000, 0x0000000094000000, 0x0000000094100000|  0%| F|  |TAMS 0x0000000094000000, 0x0000000094000000| Untracked 
| 321|0x0000000094100000, 0x0000000094100000, 0x0000000094200000|  0%| F|  |TAMS 0x0000000094100000, 0x0000000094100000| Untracked 
| 322|0x0000000094200000, 0x0000000094200000, 0x0000000094300000|  0%| F|  |TAMS 0x0000000094200000, 0x0000000094200000| Untracked 
| 323|0x0000000094300000, 0x0000000094300000, 0x0000000094400000|  0%| F|  |TAMS 0x0000000094300000, 0x0000000094300000| Untracked 
| 324|0x0000000094400000, 0x0000000094400000, 0x0000000094500000|  0%| F|  |TAMS 0x0000000094400000, 0x0000000094400000| Untracked 
| 325|0x0000000094500000, 0x0000000094600000, 0x0000000094600000|100%| E|  |TAMS 0x0000000094500000, 0x0000000094500000| Complete 
| 326|0x0000000094600000, 0x0000000094700000, 0x0000000094700000|100%| E|CS|TAMS 0x0000000094600000, 0x0000000094600000| Complete 
| 327|0x0000000094700000, 0x0000000094800000, 0x0000000094800000|100%| E|CS|TAMS 0x0000000094700000, 0x0000000094700000| Complete 
| 328|0x0000000094800000, 0x0000000094900000, 0x0000000094900000|100%| E|CS|TAMS 0x0000000094800000, 0x0000000094800000| Complete 
| 329|0x0000000094900000, 0x0000000094a00000, 0x0000000094a00000|100%| E|CS|TAMS 0x0000000094900000, 0x0000000094900000| Complete 
| 330|0x0000000094a00000, 0x0000000094b00000, 0x0000000094b00000|100%| E|CS|TAMS 0x0000000094a00000, 0x0000000094a00000| Complete 
| 331|0x0000000094b00000, 0x0000000094c00000, 0x0000000094c00000|100%| E|CS|TAMS 0x0000000094b00000, 0x0000000094b00000| Complete 
| 332|0x0000000094c00000, 0x0000000094d00000, 0x0000000094d00000|100%| E|CS|TAMS 0x0000000094c00000, 0x0000000094c00000| Complete 
| 333|0x0000000094d00000, 0x0000000094e00000, 0x0000000094e00000|100%| E|CS|TAMS 0x0000000094d00000, 0x0000000094d00000| Complete 
| 334|0x0000000094e00000, 0x0000000094f00000, 0x0000000094f00000|100%| E|CS|TAMS 0x0000000094e00000, 0x0000000094e00000| Complete 
| 335|0x0000000094f00000, 0x0000000095000000, 0x0000000095000000|100%| E|CS|TAMS 0x0000000094f00000, 0x0000000094f00000| Complete 
| 336|0x0000000095000000, 0x0000000095100000, 0x0000000095100000|100%| E|CS|TAMS 0x0000000095000000, 0x0000000095000000| Complete 
| 337|0x0000000095100000, 0x0000000095200000, 0x0000000095200000|100%| E|CS|TAMS 0x0000000095100000, 0x0000000095100000| Complete 
| 338|0x0000000095200000, 0x0000000095300000, 0x0000000095300000|100%| E|CS|TAMS 0x0000000095200000, 0x0000000095200000| Complete 
| 339|0x0000000095300000, 0x0000000095400000, 0x0000000095400000|100%| E|CS|TAMS 0x0000000095300000, 0x0000000095300000| Complete 
| 340|0x0000000095400000, 0x0000000095500000, 0x0000000095500000|100%| E|CS|TAMS 0x0000000095400000, 0x0000000095400000| Complete 
| 341|0x0000000095500000, 0x0000000095600000, 0x0000000095600000|100%| E|CS|TAMS 0x0000000095500000, 0x0000000095500000| Complete 
| 342|0x0000000095600000, 0x0000000095700000, 0x0000000095700000|100%| E|CS|TAMS 0x0000000095600000, 0x0000000095600000| Complete 
| 343|0x0000000095700000, 0x0000000095800000, 0x0000000095800000|100%| E|CS|TAMS 0x0000000095700000, 0x0000000095700000| Complete 
| 344|0x0000000095800000, 0x0000000095900000, 0x0000000095900000|100%| E|CS|TAMS 0x0000000095800000, 0x0000000095800000| Complete 
| 345|0x0000000095900000, 0x0000000095a00000, 0x0000000095a00000|100%| E|CS|TAMS 0x0000000095900000, 0x0000000095900000| Complete 
| 346|0x0000000095a00000, 0x0000000095b00000, 0x0000000095b00000|100%| E|CS|TAMS 0x0000000095a00000, 0x0000000095a00000| Complete 
| 347|0x0000000095b00000, 0x0000000095c00000, 0x0000000095c00000|100%| E|CS|TAMS 0x0000000095b00000, 0x0000000095b00000| Complete 
| 348|0x0000000095c00000, 0x0000000095d00000, 0x0000000095d00000|100%| E|CS|TAMS 0x0000000095c00000, 0x0000000095c00000| Complete 
| 349|0x0000000095d00000, 0x0000000095e00000, 0x0000000095e00000|100%| E|CS|TAMS 0x0000000095d00000, 0x0000000095d00000| Complete 
| 350|0x0000000095e00000, 0x0000000095f00000, 0x0000000095f00000|100%| E|CS|TAMS 0x0000000095e00000, 0x0000000095e00000| Complete 
| 351|0x0000000095f00000, 0x0000000096000000, 0x0000000096000000|100%| E|CS|TAMS 0x0000000095f00000, 0x0000000095f00000| Complete 
| 352|0x0000000096000000, 0x0000000096100000, 0x0000000096100000|100%| E|CS|TAMS 0x0000000096000000, 0x0000000096000000| Complete 
| 353|0x0000000096100000, 0x0000000096200000, 0x0000000096200000|100%| E|CS|TAMS 0x0000000096100000, 0x0000000096100000| Complete 
| 354|0x0000000096200000, 0x0000000096300000, 0x0000000096300000|100%| E|CS|TAMS 0x0000000096200000, 0x0000000096200000| Complete 
| 355|0x0000000096300000, 0x0000000096400000, 0x0000000096400000|100%| E|CS|TAMS 0x0000000096300000, 0x0000000096300000| Complete 
| 356|0x0000000096400000, 0x0000000096500000, 0x0000000096500000|100%| E|CS|TAMS 0x0000000096400000, 0x0000000096400000| Complete 
| 357|0x0000000096500000, 0x0000000096600000, 0x0000000096600000|100%| E|CS|TAMS 0x0000000096500000, 0x0000000096500000| Complete 
| 358|0x0000000096600000, 0x0000000096700000, 0x0000000096700000|100%| E|CS|TAMS 0x0000000096600000, 0x0000000096600000| Complete 
| 359|0x0000000096700000, 0x0000000096800000, 0x0000000096800000|100%| E|CS|TAMS 0x0000000096700000, 0x0000000096700000| Complete 
| 360|0x0000000096800000, 0x0000000096900000, 0x0000000096900000|100%| E|CS|TAMS 0x0000000096800000, 0x0000000096800000| Complete 
| 361|0x0000000096900000, 0x0000000096a00000, 0x0000000096a00000|100%| E|CS|TAMS 0x0000000096900000, 0x0000000096900000| Complete 
| 362|0x0000000096a00000, 0x0000000096b00000, 0x0000000096b00000|100%| E|CS|TAMS 0x0000000096a00000, 0x0000000096a00000| Complete 
| 363|0x0000000096b00000, 0x0000000096c00000, 0x0000000096c00000|100%| E|CS|TAMS 0x0000000096b00000, 0x0000000096b00000| Complete 
| 364|0x0000000096c00000, 0x0000000096d00000, 0x0000000096d00000|100%| E|CS|TAMS 0x0000000096c00000, 0x0000000096c00000| Complete 
| 365|0x0000000096d00000, 0x0000000096e00000, 0x0000000096e00000|100%| E|CS|TAMS 0x0000000096d00000, 0x0000000096d00000| Complete 
| 366|0x0000000096e00000, 0x0000000096f00000, 0x0000000096f00000|100%| E|CS|TAMS 0x0000000096e00000, 0x0000000096e00000| Complete 
| 367|0x0000000096f00000, 0x0000000097000000, 0x0000000097000000|100%| E|CS|TAMS 0x0000000096f00000, 0x0000000096f00000| Complete 
| 368|0x0000000097000000, 0x0000000097100000, 0x0000000097100000|100%| E|CS|TAMS 0x0000000097000000, 0x0000000097000000| Complete 
| 369|0x0000000097100000, 0x0000000097200000, 0x0000000097200000|100%| E|CS|TAMS 0x0000000097100000, 0x0000000097100000| Complete 
| 370|0x0000000097200000, 0x0000000097300000, 0x0000000097300000|100%| E|CS|TAMS 0x0000000097200000, 0x0000000097200000| Complete 
| 371|0x0000000097300000, 0x0000000097400000, 0x0000000097400000|100%| E|CS|TAMS 0x0000000097300000, 0x0000000097300000| Complete 
| 372|0x0000000097400000, 0x0000000097500000, 0x0000000097500000|100%| E|CS|TAMS 0x0000000097400000, 0x0000000097400000| Complete 
| 373|0x0000000097500000, 0x0000000097600000, 0x0000000097600000|100%| E|CS|TAMS 0x0000000097500000, 0x0000000097500000| Complete 
| 374|0x0000000097600000, 0x0000000097700000, 0x0000000097700000|100%| E|CS|TAMS 0x0000000097600000, 0x0000000097600000| Complete 
| 375|0x0000000097700000, 0x0000000097800000, 0x0000000097800000|100%| E|CS|TAMS 0x0000000097700000, 0x0000000097700000| Complete 
| 376|0x0000000097800000, 0x0000000097900000, 0x0000000097900000|100%| E|CS|TAMS 0x0000000097800000, 0x0000000097800000| Complete 
| 377|0x0000000097900000, 0x0000000097a00000, 0x0000000097a00000|100%| E|CS|TAMS 0x0000000097900000, 0x0000000097900000| Complete 
| 378|0x0000000097a00000, 0x0000000097b00000, 0x0000000097b00000|100%| E|CS|TAMS 0x0000000097a00000, 0x0000000097a00000| Complete 
| 379|0x0000000097b00000, 0x0000000097c00000, 0x0000000097c00000|100%| E|CS|TAMS 0x0000000097b00000, 0x0000000097b00000| Complete 
| 380|0x0000000097c00000, 0x0000000097d00000, 0x0000000097d00000|100%| E|CS|TAMS 0x0000000097c00000, 0x0000000097c00000| Complete 
| 381|0x0000000097d00000, 0x0000000097e00000, 0x0000000097e00000|100%| E|CS|TAMS 0x0000000097d00000, 0x0000000097d00000| Complete 
| 382|0x0000000097e00000, 0x0000000097f00000, 0x0000000097f00000|100%| E|CS|TAMS 0x0000000097e00000, 0x0000000097e00000| Complete 
| 383|0x0000000097f00000, 0x0000000098000000, 0x0000000098000000|100%| E|CS|TAMS 0x0000000097f00000, 0x0000000097f00000| Complete 
| 384|0x0000000098000000, 0x0000000098100000, 0x0000000098100000|100%| E|CS|TAMS 0x0000000098000000, 0x0000000098000000| Complete 
| 385|0x0000000098100000, 0x0000000098200000, 0x0000000098200000|100%| E|CS|TAMS 0x0000000098100000, 0x0000000098100000| Complete 
| 386|0x0000000098200000, 0x0000000098300000, 0x0000000098300000|100%| E|CS|TAMS 0x0000000098200000, 0x0000000098200000| Complete 
| 387|0x0000000098300000, 0x0000000098400000, 0x0000000098400000|100%| E|CS|TAMS 0x0000000098300000, 0x0000000098300000| Complete 
| 388|0x0000000098400000, 0x0000000098500000, 0x0000000098500000|100%| E|CS|TAMS 0x0000000098400000, 0x0000000098400000| Complete 
| 389|0x0000000098500000, 0x0000000098600000, 0x0000000098600000|100%| E|CS|TAMS 0x0000000098500000, 0x0000000098500000| Complete 
| 390|0x0000000098600000, 0x0000000098700000, 0x0000000098700000|100%| E|CS|TAMS 0x0000000098600000, 0x0000000098600000| Complete 
| 391|0x0000000098700000, 0x0000000098800000, 0x0000000098800000|100%| E|CS|TAMS 0x0000000098700000, 0x0000000098700000| Complete 
| 392|0x0000000098800000, 0x0000000098900000, 0x0000000098900000|100%| E|CS|TAMS 0x0000000098800000, 0x0000000098800000| Complete 
| 393|0x0000000098900000, 0x0000000098a00000, 0x0000000098a00000|100%| E|CS|TAMS 0x0000000098900000, 0x0000000098900000| Complete 
| 394|0x0000000098a00000, 0x0000000098b00000, 0x0000000098b00000|100%| E|CS|TAMS 0x0000000098a00000, 0x0000000098a00000| Complete 
| 395|0x0000000098b00000, 0x0000000098c00000, 0x0000000098c00000|100%| E|CS|TAMS 0x0000000098b00000, 0x0000000098b00000| Complete 

Card table byte_map: [0x000001593cd10000,0x000001593d110000] _byte_map_base: 0x000001593c910000

Marking Bits (Prev, Next): (CMBitMap*) 0x000001592805c450, (CMBitMap*) 0x000001592805c418
 Prev Bits: [0x000001593f510000, 0x0000015941510000)
 Next Bits: [0x000001593d510000, 0x000001593f510000)

Polling page: 0x0000015927ee0000

Metaspace:

Usage:
  Non-class:     88.82 MB capacity,    87.20 MB ( 98%) used,     1.29 MB (  1%) free+waste,   330.38 KB ( <1%) overhead. 
      Class:     13.70 MB capacity,    12.69 MB ( 93%) used,   894.39 KB (  6%) free+waste,   144.75 KB (  1%) overhead. 
       Both:    102.52 MB capacity,    99.89 MB ( 97%) used,     2.16 MB (  2%) free+waste,   475.13 KB ( <1%) overhead. 

Virtual space:
  Non-class space:       90.00 MB reserved,      89.00 MB ( 99%) committed 
      Class space:        1.00 GB reserved,      13.82 MB (  1%) committed 
             Both:        1.09 GB reserved,     102.82 MB (  9%) committed 

Chunk freelists:
   Non-Class:  0 bytes
       Class:  18.00 KB
        Both:  18.00 KB

MaxMetaspaceSize: 17179869184.00 GB
CompressedClassSpaceSize: 1.00 GB
Initial GC threshold: 20.80 MB
Current GC threshold: 166.17 MB
CDS: off

CodeHeap 'non-profiled nmethods': size=120064Kb used=9749Kb max_used=9962Kb free=110314Kb
 bounds [0x0000015934db0000, 0x0000015935790000, 0x000001593c2f0000]
CodeHeap 'profiled nmethods': size=120000Kb used=40492Kb max_used=42618Kb free=79507Kb
 bounds [0x000001592d880000, 0x0000015930220000, 0x0000015934db0000]
CodeHeap 'non-nmethods': size=5696Kb used=2413Kb max_used=2489Kb free=3282Kb
 bounds [0x000001592d2f0000, 0x000001592d570000, 0x000001592d880000]
 total_blobs=16895 nmethods=15960 adapters=845
 compilation: enabled
              stopped_count=0, restarted_count=0
 full_count=0

Compilation events (20 events):
Event: 37.409 Thread 0x0000015943b70800 17116       2       com.android.tools.r8.graph.d0::f0 (20 bytes)
Event: 37.409 Thread 0x0000015943b70800 nmethod 17116 0x000001592d8ae790 code [0x000001592d8ae940, 0x000001592d8aea78]
Event: 37.511 Thread 0x0000015952ac9000 nmethod 17061 0x0000015934e16710 code [0x0000015934e16ca0, 0x0000015934e1ba58]
Event: 37.512 Thread 0x0000015952ac9000 17087       4       com.android.tools.r8.internal.W4::b (169 bytes)
Event: 37.545 Thread 0x0000015952ac9000 nmethod 17087 0x0000015934f5dc90 code [0x0000015934f5dfa0, 0x0000015934f5fc28]
Event: 37.545 Thread 0x0000015952ac9000 17074       4       java.util.HashMap::computeIfAbsent (330 bytes)
Event: 37.568 Thread 0x0000015952ac9000 nmethod 17074 0x0000015934e6cd90 code [0x0000015934e6cfc0, 0x0000015934e6e5e0]
Event: 37.568 Thread 0x0000015952ac9000 17046       4       com.android.tools.r8.internal.Oh::a (85 bytes)
Event: 37.573 Thread 0x0000015952ac9000 nmethod 17046 0x0000015934dde790 code [0x0000015934dde940, 0x0000015934dded78]
Event: 37.573 Thread 0x0000015952ac9000 17059 %     4       com.android.tools.r8.internal.s2::a @ 6 (36 bytes)
Event: 37.574 Thread 0x0000015952ac9000 nmethod 17059% 0x0000015934de2890 code [0x0000015934de2a40, 0x0000015934de2c18]
Event: 37.574 Thread 0x0000015952ac9000 17066 %     4       com.android.tools.r8.internal.Ea::b @ 5 (71 bytes)
Event: 37.577 Thread 0x0000015952ac9000 nmethod 17066% 0x0000015934de2290 code [0x0000015934de2440, 0x0000015934de2658]
Event: 37.577 Thread 0x0000015952ac9000 17069       4       com.android.tools.r8.internal.Me::C (79 bytes)
Event: 37.590 Thread 0x0000015943b70800 17132       3       java.util.TreeMap::pollLastEntry (21 bytes)
Event: 37.590 Thread 0x0000015943b70800 nmethod 17132 0x000001592dcc8310 code [0x000001592dcc8520, 0x000001592dcc8c08]
Event: 37.708 Thread 0x0000015952ac9000 nmethod 17069 0x0000015934e4c990 code [0x0000015934e4cda0, 0x0000015934e4fd68]
Event: 37.708 Thread 0x0000015952ac9000 17140       4       com.android.tools.r8.internal.Oh::a (85 bytes)
Event: 37.711 Thread 0x0000015952ac9000 nmethod 17140 0x0000015934e4c190 code [0x0000015934e4c340, 0x0000015934e4c738]
Event: 37.711 Thread 0x0000015952ac9000 17135       4       com.android.tools.r8.internal.E7::p (1053 bytes)

GC Heap History (20 events):
Event: 27.753 GC heap before
{Heap before GC invocations=54 (full 0):
 garbage-first heap   total 328704K, used 274502K [0x0000000080000000, 0x0000000100000000)
  region size 1024K, 183 young (187392K), 11 survivors (11264K)
 Metaspace       used 99498K, capacity 101913K, committed 102092K, reserved 1138688K
  class space    used 12703K, capacity 13629K, committed 13772K, reserved 1048576K
}
Event: 27.763 GC heap after
{Heap after GC invocations=55 (full 0):
 garbage-first heap   total 328704K, used 100119K [0x0000000080000000, 0x0000000100000000)
  region size 1024K, 12 young (12288K), 12 survivors (12288K)
 Metaspace       used 99498K, capacity 101913K, committed 102092K, reserved 1138688K
  class space    used 12703K, capacity 13629K, committed 13772K, reserved 1048576K
}
Event: 28.978 GC heap before
{Heap before GC invocations=55 (full 0):
 garbage-first heap   total 328704K, used 283415K [0x0000000080000000, 0x0000000100000000)
  region size 1024K, 189 young (193536K), 12 survivors (12288K)
 Metaspace       used 101502K, capacity 104065K, committed 104140K, reserved 1138688K
  class space    used 12941K, capacity 13955K, committed 14028K, reserved 1048576K
}
Event: 28.994 GC heap after
{Heap after GC invocations=56 (full 0):
 garbage-first heap   total 328704K, used 103366K [0x0000000080000000, 0x0000000100000000)
  region size 1024K, 15 young (15360K), 15 survivors (15360K)
 Metaspace       used 101502K, capacity 104065K, committed 104140K, reserved 1138688K
  class space    used 12941K, capacity 13955K, committed 14028K, reserved 1048576K
}
Event: 29.633 GC heap before
{Heap before GC invocations=56 (full 0):
 garbage-first heap   total 328704K, used 279494K [0x0000000080000000, 0x0000000100000000)
  region size 1024K, 187 young (191488K), 15 survivors (15360K)
 Metaspace       used 101972K, capacity 104647K, committed 105036K, reserved 1140736K
  class space    used 12976K, capacity 14019K, committed 14156K, reserved 1048576K
}
Event: 29.668 GC heap after
{Heap after GC invocations=57 (full 0):
 garbage-first heap   total 328704K, used 105826K [0x0000000080000000, 0x0000000100000000)
  region size 1024K, 15 young (15360K), 15 survivors (15360K)
 Metaspace       used 101972K, capacity 104647K, committed 105036K, reserved 1140736K
  class space    used 12976K, capacity 14019K, committed 14156K, reserved 1048576K
}
Event: 30.490 GC heap before
{Heap before GC invocations=57 (full 0):
 garbage-first heap   total 328704K, used 277858K [0x0000000080000000, 0x0000000100000000)
  region size 1024K, 184 young (188416K), 15 survivors (15360K)
 Metaspace       used 102044K, capacity 104652K, committed 105036K, reserved 1140736K
  class space    used 12980K, capacity 14019K, committed 14156K, reserved 1048576K
}
Event: 30.511 GC heap after
{Heap after GC invocations=58 (full 0):
 garbage-first heap   total 405504K, used 109835K [0x0000000080000000, 0x0000000100000000)
  region size 1024K, 15 young (15360K), 15 survivors (15360K)
 Metaspace       used 102044K, capacity 104652K, committed 105036K, reserved 1140736K
  class space    used 12980K, capacity 14019K, committed 14156K, reserved 1048576K
}
Event: 31.258 GC heap before
{Heap before GC invocations=58 (full 0):
 garbage-first heap   total 405504K, used 309515K [0x0000000080000000, 0x0000000100000000)
  region size 1024K, 209 young (214016K), 15 survivors (15360K)
 Metaspace       used 102110K, capacity 104736K, committed 105036K, reserved 1140736K
  class space    used 12982K, capacity 14022K, committed 14156K, reserved 1048576K
}
Event: 31.273 GC heap after
{Heap after GC invocations=59 (full 0):
 garbage-first heap   total 405504K, used 111092K [0x0000000080000000, 0x0000000100000000)
  region size 1024K, 14 young (14336K), 14 survivors (14336K)
 Metaspace       used 102110K, capacity 104736K, committed 105036K, reserved 1140736K
  class space    used 12982K, capacity 14022K, committed 14156K, reserved 1048576K
}
Event: 32.212 GC heap before
{Heap before GC invocations=59 (full 0):
 garbage-first heap   total 405504K, used 332276K [0x0000000080000000, 0x0000000100000000)
  region size 1024K, 230 young (235520K), 14 survivors (14336K)
 Metaspace       used 102193K, capacity 104875K, committed 105036K, reserved 1140736K
  class space    used 12985K, capacity 14022K, committed 14156K, reserved 1048576K
}
Event: 32.274 GC heap after
{Heap after GC invocations=60 (full 0):
 garbage-first heap   total 405504K, used 110580K [0x0000000080000000, 0x0000000100000000)
  region size 1024K, 15 young (15360K), 15 survivors (15360K)
 Metaspace       used 102193K, capacity 104875K, committed 105036K, reserved 1140736K
  class space    used 12985K, capacity 14022K, committed 14156K, reserved 1048576K
}
Event: 32.818 GC heap before
{Heap before GC invocations=60 (full 0):
 garbage-first heap   total 405504K, used 337908K [0x0000000080000000, 0x0000000100000000)
  region size 1024K, 237 young (242688K), 15 survivors (15360K)
 Metaspace       used 102205K, capacity 104877K, committed 105036K, reserved 1140736K
  class space    used 12985K, capacity 14022K, committed 14156K, reserved 1048576K
}
Event: 32.831 GC heap after
{Heap after GC invocations=61 (full 0):
 garbage-first heap   total 405504K, used 112116K [0x0000000080000000, 0x0000000100000000)
  region size 1024K, 16 young (16384K), 16 survivors (16384K)
 Metaspace       used 102205K, capacity 104877K, committed 105036K, reserved 1140736K
  class space    used 12985K, capacity 14022K, committed 14156K, reserved 1048576K
}
Event: 33.220 GC heap before
{Heap before GC invocations=61 (full 0):
 garbage-first heap   total 405504K, used 338420K [0x0000000080000000, 0x0000000100000000)
  region size 1024K, 237 young (242688K), 16 survivors (16384K)
 Metaspace       used 102226K, capacity 104877K, committed 105036K, reserved 1140736K
  class space    used 12985K, capacity 14022K, committed 14156K, reserved 1048576K
}
Event: 33.308 GC heap after
{Heap after GC invocations=62 (full 0):
 garbage-first heap   total 405504K, used 109342K [0x0000000080000000, 0x0000000100000000)
  region size 1024K, 12 young (12288K), 12 survivors (12288K)
 Metaspace       used 102226K, capacity 104877K, committed 105036K, reserved 1140736K
  class space    used 12985K, capacity 14022K, committed 14156K, reserved 1048576K
}
Event: 33.981 GC heap before
{Heap before GC invocations=62 (full 0):
 garbage-first heap   total 405504K, used 340766K [0x0000000080000000, 0x0000000100000000)
  region size 1024K, 237 young (242688K), 12 survivors (12288K)
 Metaspace       used 102248K, capacity 104904K, committed 105036K, reserved 1140736K
  class space    used 12988K, capacity 14028K, committed 14156K, reserved 1048576K
}
Event: 33.988 GC heap after
{Heap after GC invocations=63 (full 0):
 garbage-first heap   total 405504K, used 106782K [0x0000000080000000, 0x0000000100000000)
  region size 1024K, 10 young (10240K), 10 survivors (10240K)
 Metaspace       used 102248K, capacity 104904K, committed 105036K, reserved 1140736K
  class space    used 12988K, capacity 14028K, committed 14156K, reserved 1048576K
}
Event: 36.315 GC heap before
{Heap before GC invocations=63 (full 0):
 garbage-first heap   total 405504K, used 339230K [0x0000000080000000, 0x0000000100000000)
  region size 1024K, 237 young (242688K), 10 survivors (10240K)
 Metaspace       used 102279K, capacity 104971K, committed 105292K, reserved 1140736K
  class space    used 12989K, capacity 14028K, committed 14156K, reserved 1048576K
}
Event: 36.334 GC heap after
{Heap after GC invocations=64 (full 0):
 garbage-first heap   total 405504K, used 110273K [0x0000000080000000, 0x0000000100000000)
  region size 1024K, 13 young (13312K), 13 survivors (13312K)
 Metaspace       used 102279K, capacity 104971K, committed 105292K, reserved 1140736K
  class space    used 12989K, capacity 14028K, committed 14156K, reserved 1048576K
}

Deoptimization events (20 events):
Event: 37.242 Thread 0x0000015949a27000 Uncommon trap: trap_request=0xfffffff4 fr.pc=0x0000015934f38970 relative=0x00000000000004d0
Event: 37.242 Thread 0x0000015949a27000 Uncommon trap: reason=null_check action=make_not_entrant pc=0x0000015934f38970 method=com.android.tools.r8.graph.T.a(Lcom/android/tools/r8/graph/d0;Lcom/android/tools/r8/internal/zt;Lcom/android/tools/r8/graph/e;)Lcom/android/tools/r8/internal/kA; @ 18 c2
Event: 37.242 Thread 0x0000015949a27000 DEOPT PACKING pc=0x0000015934f38970 sp=0x000000159eff94a0
Event: 37.242 Thread 0x0000015949a27000 DEOPT UNPACKING pc=0x000001592d33a1af sp=0x000000159eff93f0 mode 2
Event: 37.262 Thread 0x0000015949a27000 Uncommon trap: trap_request=0xffffffde fr.pc=0x0000015935009070 relative=0x0000000000000410
Event: 37.262 Thread 0x0000015949a27000 Uncommon trap: reason=class_check action=maybe_recompile pc=0x0000015935009070 method=com.android.tools.r8.internal.BE$$Lambda$1001/0x0000000100bfa840.a(Ljava/lang/Object;Ljava/lang/Object;Lcom/android/tools/r8/internal/e8;)I @ 9 c2
Event: 37.262 Thread 0x0000015949a27000 DEOPT PACKING pc=0x0000015935009070 sp=0x000000159eff9eb0
Event: 37.262 Thread 0x0000015949a27000 DEOPT UNPACKING pc=0x000001592d33a1af sp=0x000000159eff9d88 mode 2
Event: 37.336 Thread 0x0000015949a27000 DEOPT PACKING pc=0x000001593013b619 sp=0x000000159eff9150
Event: 37.336 Thread 0x0000015949a27000 DEOPT UNPACKING pc=0x000001592d33a95e sp=0x000000159eff8910 mode 0
Event: 37.420 Thread 0x0000015949a27000 DEOPT PACKING pc=0x000001592f17b64b sp=0x000000159eff98a0
Event: 37.420 Thread 0x0000015949a27000 DEOPT UNPACKING pc=0x000001592d33a95e sp=0x000000159eff8dd0 mode 0
Event: 37.590 Thread 0x0000015949a27000 DEOPT PACKING pc=0x000001592fa34124 sp=0x000000159eff8b50
Event: 37.590 Thread 0x0000015949a27000 DEOPT UNPACKING pc=0x000001592d33a95e sp=0x000000159eff7fc8 mode 0
Event: 37.643 Thread 0x0000015949a27000 DEOPT PACKING pc=0x000001592f81f577 sp=0x000000159eff9930
Event: 37.643 Thread 0x0000015949a27000 DEOPT UNPACKING pc=0x000001592d33a95e sp=0x000000159eff9010 mode 0
Event: 37.660 Thread 0x0000015949a27000 Uncommon trap: trap_request=0xffffff76 fr.pc=0x0000015934dded08 relative=0x00000000000003c8
Event: 37.660 Thread 0x0000015949a27000 Uncommon trap: reason=loop_limit_check action=maybe_recompile pc=0x0000015934dded08 method=com.android.tools.r8.internal.Oh.a(I)Z @ 44 c2
Event: 37.660 Thread 0x0000015949a27000 DEOPT PACKING pc=0x0000015934dded08 sp=0x000000159eff9850
Event: 37.660 Thread 0x0000015949a27000 DEOPT UNPACKING pc=0x000001592d33a1af sp=0x000000159eff9800 mode 2

Classes redefined (0 events):
No events

Internal exceptions (20 events):
Event: 32.619 Thread 0x0000015949a25800 Implicit null exception at 0x000001593567f9d3 to 0x000001593567fc16
Event: 32.625 Thread 0x0000015949a25800 Exception <a 'sun/nio/fs/WindowsException'{0x0000000090ef7468}> (0x0000000090ef7468) thrown at [./src/hotspot/share/prims/jni.cpp, line 615]
Event: 32.682 Thread 0x0000015949a25800 Exception <a 'sun/nio/fs/WindowsException'{0x000000008f6e5bf0}> (0x000000008f6e5bf0) thrown at [./src/hotspot/share/prims/jni.cpp, line 615]
Event: 32.699 Thread 0x0000015949a26800 Exception <a 'sun/nio/fs/WindowsException'{0x000000008ee21028}> (0x000000008ee21028) thrown at [./src/hotspot/share/prims/jni.cpp, line 615]
Event: 33.036 Thread 0x0000015949a26800 Exception <a 'sun/nio/fs/WindowsException'{0x00000000909a51f8}> (0x00000000909a51f8) thrown at [./src/hotspot/share/prims/jni.cpp, line 615]
Event: 33.060 Thread 0x0000015949a27000 Exception <a 'sun/nio/fs/WindowsException'{0x000000008fc97828}> (0x000000008fc97828) thrown at [./src/hotspot/share/prims/jni.cpp, line 615]
Event: 33.091 Thread 0x0000015949a26800 Exception <a 'sun/nio/fs/WindowsException'{0x000000008f055570}> (0x000000008f055570) thrown at [./src/hotspot/share/prims/jni.cpp, line 615]
Event: 33.135 Thread 0x0000015949a25800 Exception <a 'sun/nio/fs/WindowsException'{0x000000008d8ac198}> (0x000000008d8ac198) thrown at [./src/hotspot/share/prims/jni.cpp, line 615]
Event: 33.362 Thread 0x0000015949a26800 Exception <a 'sun/nio/fs/WindowsException'{0x0000000097322658}> (0x0000000097322658) thrown at [./src/hotspot/share/prims/jni.cpp, line 615]
Event: 33.376 Thread 0x0000015949a27000 Exception <a 'sun/nio/fs/WindowsException'{0x0000000098a51bd0}> (0x0000000098a51bd0) thrown at [./src/hotspot/share/prims/jni.cpp, line 615]
Event: 33.408 Thread 0x0000015949a25800 Exception <a 'sun/nio/fs/WindowsException'{0x0000000097779b78}> (0x0000000097779b78) thrown at [./src/hotspot/share/prims/jni.cpp, line 615]
Event: 33.541 Thread 0x0000015949a27000 Exception <a 'sun/nio/fs/WindowsException'{0x0000000091d97b10}> (0x0000000091d97b10) thrown at [./src/hotspot/share/prims/jni.cpp, line 615]
Event: 33.621 Thread 0x0000015949a25800 Exception <a 'sun/nio/fs/WindowsException'{0x000000008f5d4298}> (0x000000008f5d4298) thrown at [./src/hotspot/share/prims/jni.cpp, line 615]
Event: 33.760 Thread 0x0000015949a25800 Exception <a 'sun/nio/fs/WindowsException'{0x000000008cc11c68}> (0x000000008cc11c68) thrown at [./src/hotspot/share/prims/jni.cpp, line 615]
Event: 33.806 Thread 0x0000015949a23000 Exception <a 'sun/nio/fs/WindowsException'{0x000000008c6eefd0}> (0x000000008c6eefd0) thrown at [./src/hotspot/share/prims/jni.cpp, line 615]
Event: 33.848 Thread 0x0000015949a26800 Exception <a 'sun/nio/fs/WindowsException'{0x000000008c3859f8}> (0x000000008c3859f8) thrown at [./src/hotspot/share/prims/jni.cpp, line 615]
Event: 33.887 Thread 0x0000015949a26800 Exception <a 'sun/nio/fs/WindowsException'{0x000000008bef6698}> (0x000000008bef6698) thrown at [./src/hotspot/share/prims/jni.cpp, line 615]
Event: 33.991 Thread 0x0000015949a27000 Exception <a 'sun/nio/fs/WindowsException'{0x000000009896bcd8}> (0x000000009896bcd8) thrown at [./src/hotspot/share/prims/jni.cpp, line 615]
Event: 34.041 Thread 0x0000015949a25800 Exception <a 'sun/nio/fs/WindowsException'{0x0000000097df32f0}> (0x0000000097df32f0) thrown at [./src/hotspot/share/prims/jni.cpp, line 615]
Event: 37.242 Thread 0x0000015949a27000 Implicit null exception at 0x0000015934f38590 to 0x0000015934f38960

Events (20 events):
Event: 36.218 Thread 0x0000015944536800 flushing nmethod 0x000001592e35f190
Event: 36.218 Thread 0x0000015944536800 flushing nmethod 0x000001592e361f10
Event: 36.218 Thread 0x0000015944536800 flushing nmethod 0x000001592e362410
Event: 36.218 Thread 0x0000015944536800 flushing nmethod 0x000001592e366a10
Event: 36.220 Thread 0x0000015944536800 flushing nmethod 0x000001592e393b10
Event: 36.220 Thread 0x0000015944536800 flushing nmethod 0x000001592e396b10
Event: 36.220 Thread 0x0000015944536800 flushing nmethod 0x000001592e398a90
Event: 36.220 Thread 0x0000015944536800 flushing nmethod 0x000001592e39a590
Event: 36.220 Thread 0x0000015944536800 flushing nmethod 0x000001592e39e790
Event: 36.220 Thread 0x0000015944536800 flushing nmethod 0x000001592e3b3690
Event: 36.221 Thread 0x0000015944536800 flushing nmethod 0x000001592e3c9490
Event: 36.222 Thread 0x0000015944536800 flushing nmethod 0x000001592e3dfe90
Event: 36.222 Thread 0x0000015944536800 flushing nmethod 0x000001592e404b90
Event: 36.224 Thread 0x0000015944536800 flushing nmethod 0x000001592e477890
Event: 36.226 Thread 0x0000015944536800 flushing nmethod 0x000001592e4ef290
Event: 36.248 Thread 0x0000015944536800 flushing nmethod 0x000001592ed10b90
Event: 36.314 Executing VM operation: G1CollectForAllocation
Event: 36.334 Executing VM operation: G1CollectForAllocation done
Event: 37.305 Executing VM operation: ICBufferFull
Event: 37.305 Executing VM operation: ICBufferFull done


Dynamic libraries:
0x00007ff7f37f0000 - 0x00007ff7f37fa000 	C:\Program Files\Android\Android Studio\jre\bin\java.exe
0x00007ff928bf0000 - 0x00007ff928de8000 	C:\Windows\SYSTEM32\ntdll.dll
0x00007ff926ef0000 - 0x00007ff926faf000 	C:\Windows\System32\KERNEL32.DLL
0x00007ff926340000 - 0x00007ff926612000 	C:\Windows\System32\KERNELBASE.dll
0x00007ff926620000 - 0x00007ff926720000 	C:\Windows\System32\ucrtbase.dll
0x00007ff8f9eb0000 - 0x00007ff8f9ec7000 	C:\Program Files\Android\Android Studio\jre\bin\VCRUNTIME140.dll
0x00007ff8f9d10000 - 0x00007ff8f9d29000 	C:\Program Files\Android\Android Studio\jre\bin\jli.dll
0x00007ff926d50000 - 0x00007ff926eed000 	C:\Windows\System32\USER32.dll
0x00007ff926720000 - 0x00007ff926742000 	C:\Windows\System32\win32u.dll
0x00007ff9152e0000 - 0x00007ff91557a000 	C:\Windows\WinSxS\amd64_microsoft.windows.common-controls_6595b64144ccf1df_6.0.19041.1110_none_60b5254171f9507e\COMCTL32.dll
0x00007ff928660000 - 0x00007ff92868b000 	C:\Windows\System32\GDI32.dll
0x00007ff9280a0000 - 0x00007ff92813e000 	C:\Windows\System32\msvcrt.dll
0x00007ff926750000 - 0x00007ff92685f000 	C:\Windows\System32\gdi32full.dll
0x00007ff926ae0000 - 0x00007ff926b7d000 	C:\Windows\System32\msvcp_win.dll
0x00007ff9281a0000 - 0x00007ff9281d2000 	C:\Windows\System32\IMM32.DLL
0x00007ff8e9d00000 - 0x00007ff8e9d9d000 	C:\Program Files\Android\Android Studio\jre\bin\msvcp140.dll
0x00007ff8cd580000 - 0x00007ff8ce065000 	C:\Program Files\Android\Android Studio\jre\bin\server\jvm.dll
0x00007ff926c40000 - 0x00007ff926cee000 	C:\Windows\System32\ADVAPI32.dll
0x00007ff928a50000 - 0x00007ff928aec000 	C:\Windows\System32\sechost.dll
0x00007ff9288c0000 - 0x00007ff9289e5000 	C:\Windows\System32\RPCRT4.dll
0x00007ff9277f0000 - 0x00007ff9277f8000 	C:\Windows\System32\PSAPI.DLL
0x00007ff9206f0000 - 0x00007ff9206f9000 	C:\Windows\SYSTEM32\WSOCK32.dll
0x00007ff927960000 - 0x00007ff9279cb000 	C:\Windows\System32\WS2_32.dll
0x00007ff91d440000 - 0x00007ff91d467000 	C:\Windows\SYSTEM32\WINMM.dll
0x00007ff91d570000 - 0x00007ff91d57a000 	C:\Windows\SYSTEM32\VERSION.dll
0x00007ff9241b0000 - 0x00007ff9241c2000 	C:\Windows\SYSTEM32\kernel.appcore.dll
0x00007ff921cd0000 - 0x00007ff921ce1000 	C:\Program Files\Android\Android Studio\jre\bin\verify.dll
0x00007ff915580000 - 0x00007ff915764000 	C:\Windows\SYSTEM32\DBGHELP.DLL
0x00007ff915090000 - 0x00007ff9150bc000 	C:\Windows\SYSTEM32\dbgcore.DLL
0x00007ff926bb0000 - 0x00007ff926c32000 	C:\Windows\System32\bcryptPrimitives.dll
0x00007ff918b60000 - 0x00007ff918b89000 	C:\Program Files\Android\Android Studio\jre\bin\java.dll
0x00007ff921d00000 - 0x00007ff921d0b000 	C:\Program Files\Android\Android Studio\jre\bin\jimage.dll
0x00007ff91e8e0000 - 0x00007ff91e8f8000 	C:\Program Files\Android\Android Studio\jre\bin\zip.dll
0x00007ff9270a0000 - 0x00007ff9277e3000 	C:\Windows\System32\SHELL32.dll
0x00007ff9243b0000 - 0x00007ff924b42000 	C:\Windows\SYSTEM32\windows.storage.dll
0x00007ff927a60000 - 0x00007ff927db4000 	C:\Windows\System32\combase.dll
0x00007ff925c70000 - 0x00007ff925ca0000 	C:\Windows\SYSTEM32\Wldp.dll
0x00007ff928690000 - 0x00007ff92873d000 	C:\Windows\System32\SHCORE.dll
0x00007ff926cf0000 - 0x00007ff926d45000 	C:\Windows\System32\shlwapi.dll
0x00007ff926230000 - 0x00007ff92624f000 	C:\Windows\SYSTEM32\profapi.dll
0x00007ff91e800000 - 0x00007ff91e81a000 	C:\Program Files\Android\Android Studio\jre\bin\net.dll
0x00007ff91ba50000 - 0x00007ff91bb5c000 	C:\Windows\SYSTEM32\WINHTTP.dll
0x00007ff9259d0000 - 0x00007ff925a3a000 	C:\Windows\system32\mswsock.dll
0x00007ff91e750000 - 0x00007ff91e764000 	C:\Program Files\Android\Android Studio\jre\bin\nio.dll
0x00007ff8f7fc0000 - 0x00007ff8f7fe7000 	C:\Users\Nata\.gradle\native\8bec1ad78214c89d9ad589b4d07fe93259594b29d510b10fafb7a158f7737e5d\windows-amd64\native-platform.dll
0x00007ff8de990000 - 0x00007ff8deacd000 	C:\Users\Nata\.gradle\native\53dbd7edfb1c66fb8903c78663c9afc45aea4f116125fa6feffd364cf09443e8\windows-amd64\native-platform-file-events.dll
0x00007ff91b490000 - 0x00007ff91b49a000 	C:\Program Files\Android\Android Studio\jre\bin\management.dll
0x00007ff918b50000 - 0x00007ff918b5d000 	C:\Program Files\Android\Android Studio\jre\bin\management_ext.dll
0x00007ff925bd0000 - 0x00007ff925be8000 	C:\Windows\SYSTEM32\CRYPTSP.dll
0x00007ff9252f0000 - 0x00007ff925324000 	C:\Windows\system32\rsaenh.dll
0x00007ff926b80000 - 0x00007ff926ba7000 	C:\Windows\System32\bcrypt.dll
0x00007ff9261f0000 - 0x00007ff92621e000 	C:\Windows\SYSTEM32\USERENV.dll
0x00007ff925bc0000 - 0x00007ff925bcc000 	C:\Windows\SYSTEM32\CRYPTBASE.dll
0x00007ff9256c0000 - 0x00007ff9256fb000 	C:\Windows\SYSTEM32\IPHLPAPI.DLL
0x00007ff928ba0000 - 0x00007ff928ba8000 	C:\Windows\System32\NSI.dll
0x00007ff91dfb0000 - 0x00007ff91dfc7000 	C:\Windows\SYSTEM32\dhcpcsvc6.DLL
0x00007ff91df90000 - 0x00007ff91dfad000 	C:\Windows\SYSTEM32\dhcpcsvc.DLL
0x00007ff925700000 - 0x00007ff9257ca000 	C:\Windows\SYSTEM32\DNSAPI.dll

dbghelp: loaded successfully - version: 4.0.5 - missing functions: none
symbol engine: initialized successfully - sym options: 0x614 - pdb path: .;C:\Program Files\Android\Android Studio\jre\bin;C:\Windows\SYSTEM32;C:\Windows\WinSxS\amd64_microsoft.windows.common-controls_6595b64144ccf1df_6.0.19041.1110_none_60b5254171f9507e;C:\Program Files\Android\Android Studio\jre\bin\server;C:\Users\Nata\.gradle\native\8bec1ad78214c89d9ad589b4d07fe93259594b29d510b10fafb7a158f7737e5d\windows-amd64;C:\Users\Nata\.gradle\native\53dbd7edfb1c66fb8903c78663c9afc45aea4f116125fa6feffd364cf09443e8\windows-amd64

VM Arguments:
jvm_args: --add-opens=java.base/java.util=ALL-UNNAMED --add-opens=java.base/java.lang=ALL-UNNAMED --add-opens=java.base/java.lang.invoke=ALL-UNNAMED --add-opens=java.base/java.util=ALL-UNNAMED --add-opens=java.prefs/java.util.prefs=ALL-UNNAMED --add-opens=java.prefs/java.util.prefs=ALL-UNNAMED --add-opens=java.base/java.nio.charset=ALL-UNNAMED --add-opens=java.base/java.net=ALL-UNNAMED --add-opens=java.base/java.util.concurrent.atomic=ALL-UNNAMED -Xmx2048m -Dfile.encoding=UTF-8 -Duser.country=MD -Duser.language=ro -Duser.variant 
java_command: org.gradle.launcher.daemon.bootstrap.GradleDaemon 7.0.2
java_class_path (initial): C:\Users\Nata\.gradle\wrapper\dists\gradle-7.0.2-bin\857tjihv64xamwrf0h14cai3r\gradle-7.0.2\lib\gradle-launcher-7.0.2.jar
Launcher Type: SUN_STANDARD

[Global flags]
     intx CICompilerCount                          = 3                                         {product} {ergonomic}
     uint ConcGCThreads                            = 1                                         {product} {ergonomic}
     uint G1ConcRefinementThreads                  = 4                                         {product} {ergonomic}
   size_t G1HeapRegionSize                         = 1048576                                   {product} {ergonomic}
    uintx GCDrainStackTargetSize                   = 64                                        {product} {ergonomic}
   size_t InitialHeapSize                          = 123731968                                 {product} {ergonomic}
   size_t MarkStackSize                            = 4194304                                   {product} {ergonomic}
   size_t MaxHeapSize                              = 2147483648                                {product} {command line}
   size_t MaxNewSize                               = 1287651328                                {product} {ergonomic}
   size_t MinHeapDeltaBytes                        = 1048576                                   {product} {ergonomic}
    uintx NonNMethodCodeHeapSize                   = 5830732                                {pd product} {ergonomic}
    uintx NonProfiledCodeHeapSize                  = 122913754                              {pd product} {ergonomic}
    uintx ProfiledCodeHeapSize                     = 122913754                              {pd product} {ergonomic}
    uintx ReservedCodeCacheSize                    = 251658240                              {pd product} {ergonomic}
     bool SegmentedCodeCache                       = true                                      {product} {ergonomic}
     bool UseCompressedClassPointers               = true                                 {lp64_product} {ergonomic}
     bool UseCompressedOops                        = true                                 {lp64_product} {ergonomic}
     bool UseG1GC                                  = true                                      {product} {ergonomic}
     bool UseLargePagesIndividualAllocation        = false                                  {pd product} {ergonomic}

Logging:
Log output configuration:
 #0: stdout all=warning uptime,level,tags
 #1: stderr all=off uptime,level,tags

Environment Variables:
PATH=C:\Windows\system32;C:\Windows;C:\Windows\System32\Wbem;C:\Windows\System32\WindowsPowerShell\v1.0\;C:\Windows\System32\OpenSSH\;C:\Program Files\Microsoft SQL Server\Client SDK\ODBC\170\Tools\Binn\;C:\Program Files (x86)\Microsoft SQL Server\150\Tools\Binn\;C:\Program Files\Microsoft SQL Server\150\Tools\Binn\;C:\Program Files\Microsoft SQL Server\150\DTS\Binn\;C:\Program Files (x86)\Microsoft SQL Server\150\DTS\Binn\;C:\Program Files\Azure Data Studio\bin;C:\flutter\bin;C:\Program Files\Git\cmd;C:\Users\Nata\AppData\Local\Microsoft\WindowsApps;C:\Users\Nata\AppData\Local\Programs\Microsoft VS Code\bin;C:\Program Files\Azure Data Studio\bin;C:\flutter\bin;
USERNAME=Nata
OS=Windows_NT
PROCESSOR_IDENTIFIER=AMD64 Family 23 Model 96 Stepping 1, AuthenticAMD



---------------  S Y S T E M  ---------------

OS: Windows 10 , 64 bit Build 19041 (10.0.19041.2251)
OS uptime: 3 days 2:08 hours

CPU:total 4 (initial active 4) (4 cores per cpu, 1 threads per core) family 23 model 96 stepping 1 microcode 0x0, cmov, cx8, fxsr, mmx, sse, sse2, sse3, ssse3, sse4.1, sse4.2, popcnt, avx, avx2, aes, clmul, mmxext, 3dnowpref, lzcnt, sse4a, tsc, tscinvbit, tscinv, bmi1, bmi2, adx, sha, fma

Memory: 4k page, system-wide physical 7543M (371M free)
TotalPageFile size 11593M (AvailPageFile size 3M)
current process WorkingSet (physical memory assigned to process): 413M, peak: 555M
current process commit charge ("private bytes"): 769M, peak: 775M

vm_info: OpenJDK 64-Bit Server VM (11.0.12+7-b1504.28-7817840) for windows-amd64 JRE (11.0.12+7-b1504.28-7817840), built on Oct 13 2021 22:12:33 by "builder" with MS VC++ 14.0 (VS2015)

END.
